{"/Users/jiayihu/jiayi/projects/v-verify/src/directive.js": {"path":"/Users/jiayihu/jiayi/projects/v-verify/src/directive.js","statementMap":{"0":{"start":{"line":1,"column":13},"end":{"line":1,"column":75}},"1":{"start":{"line":1,"column":94},"end":{"line":1,"column":623}},"2":{"start":{"line":1,"column":149},"end":{"line":1,"column":414}},"3":{"start":{"line":1,"column":206},"end":{"line":1,"column":214}},"4":{"start":{"line":1,"column":215},"end":{"line":1,"column":270}},"5":{"start":{"line":1,"column":270},"end":{"line":1,"column":301}},"6":{"start":{"line":1,"column":301},"end":{"line":1,"column":355}},"7":{"start":{"line":1,"column":328},"end":{"line":1,"column":355}},"8":{"start":{"line":1,"column":355},"end":{"line":1,"column":413}},"9":{"start":{"line":1,"column":415},"end":{"line":1,"column":620}},"10":{"start":{"line":1,"column":471},"end":{"line":1,"column":539}},"11":{"start":{"line":1,"column":487},"end":{"line":1,"column":539}},"12":{"start":{"line":1,"column":539},"end":{"line":1,"column":599}},"13":{"start":{"line":1,"column":556},"end":{"line":1,"column":599}},"14":{"start":{"line":1,"column":599},"end":{"line":1,"column":618}},"15":{"start":{"line":1,"column":638},"end":{"line":1,"column":660}},"16":{"start":{"line":1,"column":676},"end":{"line":1,"column":707}},"17":{"start":{"line":2,"column":13},"end":{"line":2,"column":34}},"18":{"start":{"line":2,"column":49},"end":{"line":2,"column":79}},"19":{"start":{"line":3,"column":13},"end":{"line":3,"column":40}},"20":{"start":{"line":3,"column":55},"end":{"line":3,"column":85}},"21":{"start":{"line":4,"column":13},"end":{"line":4,"column":34}},"22":{"start":{"line":4,"column":73},"end":{"line":4,"column":127}},"23":{"start":{"line":4,"column":177},"end":{"line":4,"column":276}},"24":{"start":{"line":4,"column":218},"end":{"line":4,"column":275}},"25":{"start":{"line":4,"column":326},"end":{"line":4,"column":425}},"26":{"start":{"line":4,"column":338},"end":{"line":4,"column":424}},"27":{"start":{"line":4,"column":425},"end":{"line":4,"column":511}},"28":{"start":{"line":4,"column":554},"end":{"line":4,"column":717}},"29":{"start":{"line":4,"column":616},"end":{"line":4,"column":716}},"30":{"start":{"line":4,"column":717},"end":{"line":4,"column":881}},"31":{"start":{"line":4,"column":881},"end":{"line":4,"column":999}},"32":{"start":{"line":4,"column":897},"end":{"line":4,"column":999}},"33":{"start":{"line":12,"column":12},"end":{"line":200,"column":46}},"34":{"start":{"line":12,"column":32},"end":{"line":12,"column":62}},"35":{"start":{"line":13,"column":45},"end":{"line":13,"column":78}},"36":{"start":{"line":14,"column":4},"end":{"line":14,"column":186}},"37":{"start":{"line":15,"column":4},"end":{"line":15,"column":26}},"38":{"start":{"line":16,"column":4},"end":{"line":16,"column":55}},"39":{"start":{"line":17,"column":4},"end":{"line":17,"column":55}},"40":{"start":{"line":17,"column":55},"end":{"line":17,"column":68}},"41":{"start":{"line":18,"column":3},"end":{"line":200,"column":10}},"42":{"start":{"line":21,"column":11},"end":{"line":21,"column":21}},"43":{"start":{"line":21,"column":29},"end":{"line":21,"column":41}},"44":{"start":{"line":21,"column":49},"end":{"line":21,"column":61}},"45":{"start":{"line":22,"column":18},"end":{"line":22,"column":45}},"46":{"start":{"line":23,"column":20},"end":{"line":23,"column":22}},"47":{"start":{"line":24,"column":6},"end":{"line":24,"column":25}},"48":{"start":{"line":24,"column":18},"end":{"line":24,"column":25}},"49":{"start":{"line":25,"column":6},"end":{"line":33,"column":7}},"50":{"start":{"line":26,"column":18},"end":{"line":26,"column":33}},"51":{"start":{"line":27,"column":8},"end":{"line":30,"column":9}},"52":{"start":{"line":28,"column":10},"end":{"line":28,"column":29}},"53":{"start":{"line":29,"column":10},"end":{"line":29,"column":19}},"54":{"start":{"line":31,"column":8},"end":{"line":31,"column":28}},"55":{"start":{"line":32,"column":8},"end":{"line":32,"column":14}},"56":{"start":{"line":34,"column":6},"end":{"line":34,"column":60}},"57":{"start":{"line":38,"column":18},"end":{"line":38,"column":46}},"58":{"start":{"line":39,"column":13},"end":{"line":39,"column":25}},"59":{"start":{"line":39,"column":31},"end":{"line":39,"column":41}},"60":{"start":{"line":39,"column":49},"end":{"line":39,"column":61}},"61":{"start":{"line":40,"column":18},"end":{"line":40,"column":57}},"62":{"start":{"line":41,"column":18},"end":{"line":41,"column":86}},"63":{"start":{"line":43,"column":6},"end":{"line":47,"column":7}},"64":{"start":{"line":44,"column":8},"end":{"line":44,"column":46}},"65":{"start":{"line":45,"column":13},"end":{"line":47,"column":7}},"66":{"start":{"line":46,"column":8},"end":{"line":46,"column":42}},"67":{"start":{"line":48,"column":6},"end":{"line":48,"column":41}},"68":{"start":{"line":49,"column":6},"end":{"line":49,"column":20}},"69":{"start":{"line":53,"column":6},"end":{"line":53,"column":63}},"70":{"start":{"line":53,"column":56},"end":{"line":53,"column":63}},"71":{"start":{"line":54,"column":6},"end":{"line":57,"column":7}},"72":{"start":{"line":55,"column":8},"end":{"line":55,"column":36}},"73":{"start":{"line":56,"column":8},"end":{"line":56,"column":15}},"74":{"start":{"line":58,"column":6},"end":{"line":61,"column":26}},"75":{"start":{"line":66,"column":6},"end":{"line":66,"column":63}},"76":{"start":{"line":66,"column":56},"end":{"line":66,"column":63}},"77":{"start":{"line":67,"column":6},"end":{"line":70,"column":7}},"78":{"start":{"line":68,"column":8},"end":{"line":68,"column":36}},"79":{"start":{"line":69,"column":8},"end":{"line":69,"column":15}},"80":{"start":{"line":71,"column":6},"end":{"line":75,"column":26}},"81":{"start":{"line":80,"column":11},"end":{"line":80,"column":21}},"82":{"start":{"line":80,"column":30},"end":{"line":80,"column":43}},"83":{"start":{"line":81,"column":6},"end":{"line":81,"column":71}},"84":{"start":{"line":81,"column":64},"end":{"line":81,"column":71}},"85":{"start":{"line":82,"column":6},"end":{"line":85,"column":7}},"86":{"start":{"line":83,"column":8},"end":{"line":83,"column":77}},"87":{"start":{"line":84,"column":8},"end":{"line":84,"column":15}},"88":{"start":{"line":86,"column":6},"end":{"line":86,"column":34}},"89":{"start":{"line":90,"column":17},"end":{"line":90,"column":49}},"90":{"start":{"line":91,"column":17},"end":{"line":91,"column":46}},"91":{"start":{"line":93,"column":6},"end":{"line":93,"column":46}},"92":{"start":{"line":97,"column":11},"end":{"line":97,"column":21}},"93":{"start":{"line":97,"column":31},"end":{"line":97,"column":45}},"94":{"start":{"line":98,"column":6},"end":{"line":98,"column":26}},"95":{"start":{"line":98,"column":19},"end":{"line":98,"column":26}},"96":{"start":{"line":99,"column":17},"end":{"line":99,"column":21}},"97":{"start":{"line":100,"column":6},"end":{"line":102,"column":9}},"98":{"start":{"line":101,"column":8},"end":{"line":101,"column":41}},"99":{"start":{"line":106,"column":11},"end":{"line":106,"column":21}},"100":{"start":{"line":107,"column":22},"end":{"line":107,"column":42}},"101":{"start":{"line":108,"column":19},"end":{"line":108,"column":27}},"102":{"start":{"line":109,"column":6},"end":{"line":111,"column":7}},"103":{"start":{"line":110,"column":8},"end":{"line":110,"column":27}},"104":{"start":{"line":112,"column":6},"end":{"line":112,"column":46}},"105":{"start":{"line":115,"column":27},"end":{"line":115,"column":31}},"106":{"start":{"line":116,"column":11},"end":{"line":116,"column":21}},"107":{"start":{"line":116,"column":31},"end":{"line":116,"column":45}},"108":{"start":{"line":117,"column":6},"end":{"line":125,"column":9}},"109":{"start":{"line":118,"column":8},"end":{"line":120,"column":9}},"110":{"start":{"line":119,"column":10},"end":{"line":119,"column":45}},"111":{"start":{"line":121,"column":8},"end":{"line":121,"column":39}},"112":{"start":{"line":121,"column":32},"end":{"line":121,"column":39}},"113":{"start":{"line":122,"column":8},"end":{"line":124,"column":11}},"114":{"start":{"line":123,"column":10},"end":{"line":123,"column":45}},"115":{"start":{"line":129,"column":6},"end":{"line":129,"column":22}},"116":{"start":{"line":129,"column":15},"end":{"line":129,"column":22}},"117":{"start":{"line":130,"column":19},"end":{"line":130,"column":24}},"118":{"start":{"line":131,"column":17},"end":{"line":131,"column":38}},"119":{"start":{"line":132,"column":6},"end":{"line":134,"column":7}},"120":{"start":{"line":133,"column":8},"end":{"line":133,"column":22}},"121":{"start":{"line":135,"column":6},"end":{"line":140,"column":7}},"122":{"start":{"line":136,"column":8},"end":{"line":139,"column":9}},"123":{"start":{"line":137,"column":10},"end":{"line":137,"column":24}},"124":{"start":{"line":138,"column":10},"end":{"line":138,"column":16}},"125":{"start":{"line":141,"column":6},"end":{"line":141,"column":20}},"126":{"start":{"line":145,"column":6},"end":{"line":145,"column":46}},"127":{"start":{"line":149,"column":18},"end":{"line":149,"column":51}},"128":{"start":{"line":150,"column":20},"end":{"line":150,"column":50}},"129":{"start":{"line":153,"column":19},"end":{"line":153,"column":89}},"130":{"start":{"line":154,"column":8},"end":{"line":154,"column":34}},"131":{"start":{"line":157,"column":6},"end":{"line":165,"column":56}},"132":{"start":{"line":171,"column":17},"end":{"line":171,"column":21}},"133":{"start":{"line":172,"column":6},"end":{"line":198,"column":13}},"134":{"start":{"line":174,"column":24},"end":{"line":174,"column":55}},"135":{"start":{"line":175,"column":10},"end":{"line":177,"column":11}},"136":{"start":{"line":176,"column":12},"end":{"line":176,"column":58}},"137":{"start":{"line":179,"column":10},"end":{"line":179,"column":35}},"138":{"start":{"line":180,"column":10},"end":{"line":180,"column":34}},"139":{"start":{"line":184,"column":10},"end":{"line":184,"column":94}},"140":{"start":{"line":184,"column":87},"end":{"line":184,"column":94}},"141":{"start":{"line":185,"column":24},"end":{"line":185,"column":55}},"142":{"start":{"line":186,"column":10},"end":{"line":186,"column":56}},"143":{"start":{"line":187,"column":10},"end":{"line":187,"column":36}},"144":{"start":{"line":190,"column":10},"end":{"line":190,"column":19}},"145":{"start":{"line":191,"column":22},"end":{"line":191,"column":55}},"146":{"start":{"line":192,"column":24},"end":{"line":192,"column":85}},"147":{"start":{"line":193,"column":10},"end":{"line":193,"column":31}},"148":{"start":{"line":193,"column":24},"end":{"line":193,"column":31}},"149":{"start":{"line":194,"column":10},"end":{"line":197,"column":11}},"150":{"start":{"line":195,"column":12},"end":{"line":195,"column":21}},"151":{"start":{"line":196,"column":12},"end":{"line":196,"column":38}},"152":{"start":{"line":200,"column":10},"end":{"line":200,"column":27}},"153":{"start":{"line":200,"column":47},"end":{"line":200,"column":75}}},"fnMap":{"0":{"name":"(anonymous_0)","decl":{"start":{"line":1,"column":94},"end":{"line":1,"column":95}},"loc":{"start":{"line":1,"column":106},"end":{"line":1,"column":621}},"line":1},"1":{"name":"defineProperties","decl":{"start":{"line":1,"column":116},"end":{"line":1,"column":132}},"loc":{"start":{"line":1,"column":148},"end":{"line":1,"column":415}},"line":1},"2":{"name":"(anonymous_2)","decl":{"start":{"line":1,"column":422},"end":{"line":1,"column":423}},"loc":{"start":{"line":1,"column":470},"end":{"line":1,"column":619}},"line":1},"3":{"name":"_interopRequireDefault","decl":{"start":{"line":4,"column":44},"end":{"line":4,"column":66}},"loc":{"start":{"line":4,"column":72},"end":{"line":4,"column":128}},"line":4},"4":{"name":"_classCallCheck","decl":{"start":{"line":4,"column":137},"end":{"line":4,"column":152}},"loc":{"start":{"line":4,"column":176},"end":{"line":4,"column":277}},"line":4},"5":{"name":"_possibleConstructorReturn","decl":{"start":{"line":4,"column":286},"end":{"line":4,"column":312}},"loc":{"start":{"line":4,"column":325},"end":{"line":4,"column":512}},"line":4},"6":{"name":"_inherits","decl":{"start":{"line":4,"column":521},"end":{"line":4,"column":530}},"loc":{"start":{"line":4,"column":553},"end":{"line":4,"column":1000}},"line":4},"7":{"name":"(anonymous_7)","decl":{"start":{"line":12,"column":12},"end":{"line":12,"column":13}},"loc":{"start":{"line":12,"column":31},"end":{"line":200,"column":28}},"line":12},"8":{"name":"Directive","decl":{"start":{"line":13,"column":11},"end":{"line":13,"column":20}},"loc":{"start":{"line":13,"column":34},"end":{"line":18,"column":3}},"line":13},"9":{"name":"verifyRegs","decl":{"start":{"line":18,"column":65},"end":{"line":18,"column":75}},"loc":{"start":{"line":20,"column":20},"end":{"line":35,"column":5}},"line":20},"10":{"name":"dealVerifyResult","decl":{"start":{"line":35,"column":52},"end":{"line":35,"column":68}},"loc":{"start":{"line":37,"column":29},"end":{"line":50,"column":5}},"line":37},"11":{"name":"insertError","decl":{"start":{"line":50,"column":47},"end":{"line":50,"column":58}},"loc":{"start":{"line":52,"column":22},"end":{"line":63,"column":5}},"line":52},"12":{"name":"tipsError","decl":{"start":{"line":63,"column":45},"end":{"line":63,"column":54}},"loc":{"start":{"line":65,"column":22},"end":{"line":77,"column":5}},"line":65},"13":{"name":"dealFormClass","decl":{"start":{"line":77,"column":49},"end":{"line":77,"column":62}},"loc":{"start":{"line":79,"column":19},"end":{"line":87,"column":5}},"line":79},"14":{"name":"getMessage","decl":{"start":{"line":87,"column":46},"end":{"line":87,"column":56}},"loc":{"start":{"line":89,"column":16},"end":{"line":94,"column":5}},"line":89},"15":{"name":"bindSubmit","decl":{"start":{"line":94,"column":46},"end":{"line":94,"column":56}},"loc":{"start":{"line":96,"column":13},"end":{"line":103,"column":5}},"line":96},"16":{"name":"(anonymous_16)","decl":{"start":{"line":100,"column":28},"end":{"line":100,"column":29}},"loc":{"start":{"line":100,"column":40},"end":{"line":102,"column":7}},"line":100},"17":{"name":"verifyEvent","decl":{"start":{"line":103,"column":47},"end":{"line":103,"column":58}},"loc":{"start":{"line":105,"column":13},"end":{"line":113,"column":5}},"line":105},"18":{"name":"bindEvent","decl":{"start":{"line":113,"column":45},"end":{"line":113,"column":54}},"loc":{"start":{"line":115,"column":13},"end":{"line":126,"column":5}},"line":115},"19":{"name":"(anonymous_19)","decl":{"start":{"line":117,"column":21},"end":{"line":117,"column":22}},"loc":{"start":{"line":117,"column":37},"end":{"line":125,"column":7}},"line":117},"20":{"name":"(anonymous_20)","decl":{"start":{"line":122,"column":34},"end":{"line":122,"column":35}},"loc":{"start":{"line":122,"column":47},"end":{"line":124,"column":9}},"line":122},"21":{"name":"isForm","decl":{"start":{"line":126,"column":42},"end":{"line":126,"column":48}},"loc":{"start":{"line":128,"column":8},"end":{"line":142,"column":5}},"line":128},"22":{"name":"setVerifyVal","decl":{"start":{"line":142,"column":48},"end":{"line":142,"column":60}},"loc":{"start":{"line":144,"column":13},"end":{"line":146,"column":5}},"line":144},"23":{"name":"createOptions","decl":{"start":{"line":146,"column":49},"end":{"line":146,"column":62}},"loc":{"start":{"line":148,"column":17},"end":{"line":168,"column":5}},"line":148},"24":{"name":"generateParam","decl":{"start":{"line":152,"column":15},"end":{"line":152,"column":28}},"loc":{"start":{"line":152,"column":36},"end":{"line":155,"column":7}},"line":152},"25":{"name":"install","decl":{"start":{"line":168,"column":43},"end":{"line":168,"column":50}},"loc":{"start":{"line":170,"column":9},"end":{"line":200,"column":5}},"line":170},"26":{"name":"inserted","decl":{"start":{"line":173,"column":27},"end":{"line":173,"column":35}},"loc":{"start":{"line":173,"column":56},"end":{"line":181,"column":9}},"line":173},"27":{"name":"update","decl":{"start":{"line":183,"column":25},"end":{"line":183,"column":31}},"loc":{"start":{"line":183,"column":62},"end":{"line":188,"column":9}},"line":183},"28":{"name":"unbind","decl":{"start":{"line":189,"column":25},"end":{"line":189,"column":31}},"loc":{"start":{"line":189,"column":45},"end":{"line":198,"column":9}},"line":189}},"branchMap":{"0":{"loc":{"start":{"line":1,"column":239},"end":{"line":1,"column":269}},"type":"binary-expr","locations":[{"start":{"line":1,"column":239},"end":{"line":1,"column":260}},{"start":{"line":1,"column":264},"end":{"line":1,"column":269}}],"line":1},"1":{"loc":{"start":{"line":1,"column":301},"end":{"line":1,"column":355}},"type":"if","locations":[{"start":{"line":1,"column":301},"end":{"line":1,"column":355}},{"start":{"line":1,"column":301},"end":{"line":1,"column":355}}],"line":1},"2":{"loc":{"start":{"line":1,"column":471},"end":{"line":1,"column":539}},"type":"if","locations":[{"start":{"line":1,"column":471},"end":{"line":1,"column":539}},{"start":{"line":1,"column":471},"end":{"line":1,"column":539}}],"line":1},"3":{"loc":{"start":{"line":1,"column":539},"end":{"line":1,"column":599}},"type":"if","locations":[{"start":{"line":1,"column":539},"end":{"line":1,"column":599}},{"start":{"line":1,"column":539},"end":{"line":1,"column":599}}],"line":1},"4":{"loc":{"start":{"line":4,"column":80},"end":{"line":4,"column":126}},"type":"cond-expr","locations":[{"start":{"line":4,"column":104},"end":{"line":4,"column":107}},{"start":{"line":4,"column":110},"end":{"line":4,"column":126}}],"line":4},"5":{"loc":{"start":{"line":4,"column":80},"end":{"line":4,"column":101}},"type":"binary-expr","locations":[{"start":{"line":4,"column":80},"end":{"line":4,"column":83}},{"start":{"line":4,"column":87},"end":{"line":4,"column":101}}],"line":4},"6":{"loc":{"start":{"line":4,"column":177},"end":{"line":4,"column":276}},"type":"if","locations":[{"start":{"line":4,"column":177},"end":{"line":4,"column":276}},{"start":{"line":4,"column":177},"end":{"line":4,"column":276}}],"line":4},"7":{"loc":{"start":{"line":4,"column":326},"end":{"line":4,"column":425}},"type":"if","locations":[{"start":{"line":4,"column":326},"end":{"line":4,"column":425}},{"start":{"line":4,"column":326},"end":{"line":4,"column":425}}],"line":4},"8":{"loc":{"start":{"line":4,"column":432},"end":{"line":4,"column":510}},"type":"cond-expr","locations":[{"start":{"line":4,"column":499},"end":{"line":4,"column":503}},{"start":{"line":4,"column":506},"end":{"line":4,"column":510}}],"line":4},"9":{"loc":{"start":{"line":4,"column":432},"end":{"line":4,"column":496}},"type":"binary-expr","locations":[{"start":{"line":4,"column":432},"end":{"line":4,"column":436}},{"start":{"line":4,"column":441},"end":{"line":4,"column":465}},{"start":{"line":4,"column":469},"end":{"line":4,"column":495}}],"line":4},"10":{"loc":{"start":{"line":4,"column":554},"end":{"line":4,"column":717}},"type":"if","locations":[{"start":{"line":4,"column":554},"end":{"line":4,"column":717}},{"start":{"line":4,"column":554},"end":{"line":4,"column":717}}],"line":4},"11":{"loc":{"start":{"line":4,"column":558},"end":{"line":4,"column":613}},"type":"binary-expr","locations":[{"start":{"line":4,"column":558},"end":{"line":4,"column":590}},{"start":{"line":4,"column":594},"end":{"line":4,"column":613}}],"line":4},"12":{"loc":{"start":{"line":4,"column":752},"end":{"line":4,"column":786}},"type":"binary-expr","locations":[{"start":{"line":4,"column":752},"end":{"line":4,"column":762}},{"start":{"line":4,"column":766},"end":{"line":4,"column":786}}],"line":4},"13":{"loc":{"start":{"line":4,"column":881},"end":{"line":4,"column":999}},"type":"if","locations":[{"start":{"line":4,"column":881},"end":{"line":4,"column":999}},{"start":{"line":4,"column":881},"end":{"line":4,"column":999}}],"line":4},"14":{"loc":{"start":{"line":4,"column":897},"end":{"line":4,"column":998}},"type":"cond-expr","locations":[{"start":{"line":4,"column":921},"end":{"line":4,"column":964}},{"start":{"line":4,"column":967},"end":{"line":4,"column":998}}],"line":4},"15":{"loc":{"start":{"line":14,"column":90},"end":{"line":14,"column":145}},"type":"binary-expr","locations":[{"start":{"line":14,"column":90},"end":{"line":14,"column":109}},{"start":{"line":14,"column":113},"end":{"line":14,"column":145}}],"line":14},"16":{"loc":{"start":{"line":24,"column":6},"end":{"line":24,"column":25}},"type":"if","locations":[{"start":{"line":24,"column":6},"end":{"line":24,"column":25}},{"start":{"line":24,"column":6},"end":{"line":24,"column":25}}],"line":24},"17":{"loc":{"start":{"line":27,"column":8},"end":{"line":30,"column":9}},"type":"if","locations":[{"start":{"line":27,"column":8},"end":{"line":30,"column":9}},{"start":{"line":27,"column":8},"end":{"line":30,"column":9}}],"line":27},"18":{"loc":{"start":{"line":40,"column":18},"end":{"line":40,"column":57}},"type":"binary-expr","locations":[{"start":{"line":40,"column":18},"end":{"line":40,"column":30}},{"start":{"line":40,"column":34},"end":{"line":40,"column":45}},{"start":{"line":40,"column":49},"end":{"line":40,"column":57}}],"line":40},"19":{"loc":{"start":{"line":41,"column":18},"end":{"line":41,"column":86}},"type":"cond-expr","locations":[{"start":{"line":41,"column":26},"end":{"line":41,"column":81}},{"start":{"line":41,"column":84},"end":{"line":41,"column":86}}],"line":41},"20":{"loc":{"start":{"line":43,"column":6},"end":{"line":47,"column":7}},"type":"if","locations":[{"start":{"line":43,"column":6},"end":{"line":47,"column":7}},{"start":{"line":43,"column":6},"end":{"line":47,"column":7}}],"line":43},"21":{"loc":{"start":{"line":45,"column":13},"end":{"line":47,"column":7}},"type":"if","locations":[{"start":{"line":45,"column":13},"end":{"line":47,"column":7}},{"start":{"line":45,"column":13},"end":{"line":47,"column":7}}],"line":45},"22":{"loc":{"start":{"line":53,"column":6},"end":{"line":53,"column":63}},"type":"if","locations":[{"start":{"line":53,"column":6},"end":{"line":53,"column":63}},{"start":{"line":53,"column":6},"end":{"line":53,"column":63}}],"line":53},"23":{"loc":{"start":{"line":53,"column":10},"end":{"line":53,"column":54}},"type":"binary-expr","locations":[{"start":{"line":53,"column":10},"end":{"line":53,"column":21}},{"start":{"line":53,"column":25},"end":{"line":53,"column":54}}],"line":53},"24":{"loc":{"start":{"line":54,"column":6},"end":{"line":57,"column":7}},"type":"if","locations":[{"start":{"line":54,"column":6},"end":{"line":57,"column":7}},{"start":{"line":54,"column":6},"end":{"line":57,"column":7}}],"line":54},"25":{"loc":{"start":{"line":54,"column":10},"end":{"line":54,"column":37}},"type":"binary-expr","locations":[{"start":{"line":54,"column":10},"end":{"line":54,"column":21}},{"start":{"line":54,"column":25},"end":{"line":54,"column":37}}],"line":54},"26":{"loc":{"start":{"line":60,"column":16},"end":{"line":60,"column":35}},"type":"binary-expr","locations":[{"start":{"line":60,"column":16},"end":{"line":60,"column":27}},{"start":{"line":60,"column":31},"end":{"line":60,"column":35}}],"line":60},"27":{"loc":{"start":{"line":66,"column":6},"end":{"line":66,"column":63}},"type":"if","locations":[{"start":{"line":66,"column":6},"end":{"line":66,"column":63}},{"start":{"line":66,"column":6},"end":{"line":66,"column":63}}],"line":66},"28":{"loc":{"start":{"line":66,"column":10},"end":{"line":66,"column":54}},"type":"binary-expr","locations":[{"start":{"line":66,"column":10},"end":{"line":66,"column":21}},{"start":{"line":66,"column":25},"end":{"line":66,"column":54}}],"line":66},"29":{"loc":{"start":{"line":67,"column":6},"end":{"line":70,"column":7}},"type":"if","locations":[{"start":{"line":67,"column":6},"end":{"line":70,"column":7}},{"start":{"line":67,"column":6},"end":{"line":70,"column":7}}],"line":67},"30":{"loc":{"start":{"line":67,"column":10},"end":{"line":67,"column":37}},"type":"binary-expr","locations":[{"start":{"line":67,"column":10},"end":{"line":67,"column":21}},{"start":{"line":67,"column":25},"end":{"line":67,"column":37}}],"line":67},"31":{"loc":{"start":{"line":74,"column":16},"end":{"line":74,"column":35}},"type":"binary-expr","locations":[{"start":{"line":74,"column":16},"end":{"line":74,"column":27}},{"start":{"line":74,"column":31},"end":{"line":74,"column":35}}],"line":74},"32":{"loc":{"start":{"line":81,"column":6},"end":{"line":81,"column":71}},"type":"if","locations":[{"start":{"line":81,"column":6},"end":{"line":81,"column":71}},{"start":{"line":81,"column":6},"end":{"line":81,"column":71}}],"line":81},"33":{"loc":{"start":{"line":81,"column":10},"end":{"line":81,"column":62}},"type":"binary-expr","locations":[{"start":{"line":81,"column":10},"end":{"line":81,"column":16}},{"start":{"line":81,"column":20},"end":{"line":81,"column":24}},{"start":{"line":81,"column":28},"end":{"line":81,"column":62}}],"line":81},"34":{"loc":{"start":{"line":82,"column":6},"end":{"line":85,"column":7}},"type":"if","locations":[{"start":{"line":82,"column":6},"end":{"line":85,"column":7}},{"start":{"line":82,"column":6},"end":{"line":85,"column":7}}],"line":82},"35":{"loc":{"start":{"line":93,"column":13},"end":{"line":93,"column":45}},"type":"cond-expr","locations":[{"start":{"line":93,"column":20},"end":{"line":93,"column":40}},{"start":{"line":93,"column":43},"end":{"line":93,"column":45}}],"line":93},"36":{"loc":{"start":{"line":98,"column":6},"end":{"line":98,"column":26}},"type":"if","locations":[{"start":{"line":98,"column":6},"end":{"line":98,"column":26}},{"start":{"line":98,"column":6},"end":{"line":98,"column":26}}],"line":98},"37":{"loc":{"start":{"line":109,"column":6},"end":{"line":111,"column":7}},"type":"if","locations":[{"start":{"line":109,"column":6},"end":{"line":111,"column":7}},{"start":{"line":109,"column":6},"end":{"line":111,"column":7}}],"line":109},"38":{"loc":{"start":{"line":109,"column":10},"end":{"line":109,"column":72}},"type":"binary-expr","locations":[{"start":{"line":109,"column":10},"end":{"line":109,"column":30}},{"start":{"line":109,"column":34},"end":{"line":109,"column":59}},{"start":{"line":109,"column":63},"end":{"line":109,"column":72}}],"line":109},"39":{"loc":{"start":{"line":118,"column":8},"end":{"line":120,"column":9}},"type":"if","locations":[{"start":{"line":118,"column":8},"end":{"line":120,"column":9}},{"start":{"line":118,"column":8},"end":{"line":120,"column":9}}],"line":118},"40":{"loc":{"start":{"line":121,"column":8},"end":{"line":121,"column":39}},"type":"if","locations":[{"start":{"line":121,"column":8},"end":{"line":121,"column":39}},{"start":{"line":121,"column":8},"end":{"line":121,"column":39}}],"line":121},"41":{"loc":{"start":{"line":129,"column":6},"end":{"line":129,"column":22}},"type":"if","locations":[{"start":{"line":129,"column":6},"end":{"line":129,"column":22}},{"start":{"line":129,"column":6},"end":{"line":129,"column":22}}],"line":129},"42":{"loc":{"start":{"line":132,"column":6},"end":{"line":134,"column":7}},"type":"if","locations":[{"start":{"line":132,"column":6},"end":{"line":134,"column":7}},{"start":{"line":132,"column":6},"end":{"line":134,"column":7}}],"line":132},"43":{"loc":{"start":{"line":136,"column":8},"end":{"line":139,"column":9}},"type":"if","locations":[{"start":{"line":136,"column":8},"end":{"line":139,"column":9}},{"start":{"line":136,"column":8},"end":{"line":139,"column":9}}],"line":136},"44":{"loc":{"start":{"line":153,"column":19},"end":{"line":153,"column":89}},"type":"cond-expr","locations":[{"start":{"line":153,"column":27},"end":{"line":153,"column":66}},{"start":{"line":153,"column":69},"end":{"line":153,"column":89}}],"line":153},"45":{"loc":{"start":{"line":154,"column":15},"end":{"line":154,"column":33}},"type":"cond-expr","locations":[{"start":{"line":154,"column":22},"end":{"line":154,"column":26}},{"start":{"line":154,"column":29},"end":{"line":154,"column":33}}],"line":154},"46":{"loc":{"start":{"line":159,"column":12},"end":{"line":159,"column":75}},"type":"binary-expr","locations":[{"start":{"line":159,"column":12},"end":{"line":159,"column":37}},{"start":{"line":159,"column":41},"end":{"line":159,"column":69}},{"start":{"line":159,"column":73},"end":{"line":159,"column":75}}],"line":159},"47":{"loc":{"start":{"line":160,"column":14},"end":{"line":160,"column":56}},"type":"cond-expr","locations":[{"start":{"line":160,"column":22},"end":{"line":160,"column":35}},{"start":{"line":160,"column":38},"end":{"line":160,"column":56}}],"line":160},"48":{"loc":{"start":{"line":161,"column":14},"end":{"line":161,"column":41}},"type":"binary-expr","locations":[{"start":{"line":161,"column":14},"end":{"line":161,"column":35}},{"start":{"line":161,"column":39},"end":{"line":161,"column":41}}],"line":161},"49":{"loc":{"start":{"line":162,"column":15},"end":{"line":162,"column":68}},"type":"binary-expr","locations":[{"start":{"line":162,"column":15},"end":{"line":162,"column":37}},{"start":{"line":162,"column":41},"end":{"line":162,"column":62}},{"start":{"line":162,"column":66},"end":{"line":162,"column":68}}],"line":162},"50":{"loc":{"start":{"line":163,"column":14},"end":{"line":163,"column":63}},"type":"binary-expr","locations":[{"start":{"line":163,"column":14},"end":{"line":163,"column":35}},{"start":{"line":163,"column":39},"end":{"line":163,"column":55}},{"start":{"line":163,"column":59},"end":{"line":163,"column":63}}],"line":163},"51":{"loc":{"start":{"line":165,"column":16},"end":{"line":165,"column":53}},"type":"cond-expr","locations":[{"start":{"line":165,"column":33},"end":{"line":165,"column":40}},{"start":{"line":165,"column":43},"end":{"line":165,"column":53}}],"line":165},"52":{"loc":{"start":{"line":175,"column":10},"end":{"line":177,"column":11}},"type":"if","locations":[{"start":{"line":175,"column":10},"end":{"line":177,"column":11}},{"start":{"line":175,"column":10},"end":{"line":177,"column":11}}],"line":175},"53":{"loc":{"start":{"line":184,"column":10},"end":{"line":184,"column":94}},"type":"if","locations":[{"start":{"line":184,"column":10},"end":{"line":184,"column":94}},{"start":{"line":184,"column":10},"end":{"line":184,"column":94}}],"line":184},"54":{"loc":{"start":{"line":184,"column":14},"end":{"line":184,"column":85}},"type":"binary-expr","locations":[{"start":{"line":184,"column":14},"end":{"line":184,"column":29}},{"start":{"line":184,"column":33},"end":{"line":184,"column":85}}],"line":184},"55":{"loc":{"start":{"line":192,"column":24},"end":{"line":192,"column":85}},"type":"binary-expr","locations":[{"start":{"line":192,"column":24},"end":{"line":192,"column":61}},{"start":{"line":192,"column":65},"end":{"line":192,"column":85}}],"line":192},"56":{"loc":{"start":{"line":193,"column":10},"end":{"line":193,"column":31}},"type":"if","locations":[{"start":{"line":193,"column":10},"end":{"line":193,"column":31}},{"start":{"line":193,"column":10},"end":{"line":193,"column":31}}],"line":193},"57":{"loc":{"start":{"line":194,"column":10},"end":{"line":197,"column":11}},"type":"if","locations":[{"start":{"line":194,"column":10},"end":{"line":197,"column":11}},{"start":{"line":194,"column":10},"end":{"line":197,"column":11}}],"line":194}},"s":{"0":0,"1":0,"2":0,"3":0,"4":0,"5":0,"6":0,"7":0,"8":0,"9":0,"10":0,"11":0,"12":0,"13":0,"14":0,"15":0,"16":0,"17":0,"18":0,"19":0,"20":0,"21":0,"22":0,"23":0,"24":0,"25":0,"26":0,"27":0,"28":0,"29":0,"30":0,"31":0,"32":0,"33":0,"34":0,"35":0,"36":0,"37":0,"38":0,"39":0,"40":0,"41":0,"42":0,"43":0,"44":0,"45":0,"46":0,"47":0,"48":0,"49":0,"50":0,"51":0,"52":0,"53":0,"54":0,"55":0,"56":0,"57":0,"58":0,"59":0,"60":0,"61":0,"62":0,"63":0,"64":0,"65":0,"66":0,"67":0,"68":0,"69":0,"70":0,"71":0,"72":0,"73":0,"74":0,"75":0,"76":0,"77":0,"78":0,"79":0,"80":0,"81":0,"82":0,"83":0,"84":0,"85":0,"86":0,"87":0,"88":0,"89":0,"90":0,"91":0,"92":0,"93":0,"94":0,"95":0,"96":0,"97":0,"98":0,"99":0,"100":0,"101":0,"102":0,"103":0,"104":0,"105":0,"106":0,"107":0,"108":0,"109":0,"110":0,"111":0,"112":0,"113":0,"114":0,"115":0,"116":0,"117":0,"118":0,"119":0,"120":0,"121":0,"122":0,"123":0,"124":0,"125":0,"126":0,"127":0,"128":0,"129":0,"130":0,"131":0,"132":0,"133":0,"134":0,"135":0,"136":0,"137":0,"138":0,"139":0,"140":0,"141":0,"142":0,"143":0,"144":0,"145":0,"146":0,"147":0,"148":0,"149":0,"150":0,"151":0,"152":0,"153":0},"f":{"0":0,"1":0,"2":0,"3":0,"4":0,"5":0,"6":0,"7":0,"8":0,"9":0,"10":0,"11":0,"12":0,"13":0,"14":0,"15":0,"16":0,"17":0,"18":0,"19":0,"20":0,"21":0,"22":0,"23":0,"24":0,"25":0,"26":0,"27":0,"28":0},"b":{"0":[0,0],"1":[0,0],"2":[0,0],"3":[0,0],"4":[0,0],"5":[0,0],"6":[0,0],"7":[0,0],"8":[0,0],"9":[0,0,0],"10":[0,0],"11":[0,0],"12":[0,0],"13":[0,0],"14":[0,0],"15":[0,0],"16":[0,0],"17":[0,0],"18":[0,0,0],"19":[0,0],"20":[0,0],"21":[0,0],"22":[0,0],"23":[0,0],"24":[0,0],"25":[0,0],"26":[0,0],"27":[0,0],"28":[0,0],"29":[0,0],"30":[0,0],"31":[0,0],"32":[0,0],"33":[0,0,0],"34":[0,0],"35":[0,0],"36":[0,0],"37":[0,0],"38":[0,0,0],"39":[0,0],"40":[0,0],"41":[0,0],"42":[0,0],"43":[0,0],"44":[0,0],"45":[0,0],"46":[0,0,0],"47":[0,0],"48":[0,0],"49":[0,0,0],"50":[0,0,0],"51":[0,0],"52":[0,0],"53":[0,0],"54":[0,0],"55":[0,0],"56":[0,0],"57":[0,0]}}
,"/Users/jiayihu/jiayi/projects/v-verify/src/error.js": {"path":"/Users/jiayihu/jiayi/projects/v-verify/src/error.js","statementMap":{"0":{"start":{"line":1,"column":13},"end":{"line":1,"column":75}},"1":{"start":{"line":1,"column":75},"end":{"line":40,"column":2}},"2":{"start":{"line":3,"column":18},"end":{"line":3,"column":20}},"3":{"start":{"line":4,"column":25},"end":{"line":13,"column":29}},"4":{"start":{"line":7,"column":6},"end":{"line":8,"column":24}},"5":{"start":{"line":18,"column":4},"end":{"line":22,"column":5}},"6":{"start":{"line":19,"column":21},"end":{"line":19,"column":32}},"7":{"start":{"line":20,"column":6},"end":{"line":20,"column":29}},"8":{"start":{"line":21,"column":6},"end":{"line":21,"column":22}},"9":{"start":{"line":23,"column":4},"end":{"line":24,"column":43}},"10":{"start":{"line":28,"column":20},"end":{"line":37,"column":3}},"11":{"start":{"line":28,"column":58},"end":{"line":28,"column":128}},"12":{"start":{"line":29,"column":20},"end":{"line":29,"column":41}},"13":{"start":{"line":30,"column":19},"end":{"line":30,"column":61}},"14":{"start":{"line":32,"column":4},"end":{"line":32,"column":39}},"15":{"start":{"line":33,"column":4},"end":{"line":33,"column":66}},"16":{"start":{"line":34,"column":4},"end":{"line":34,"column":63}},"17":{"start":{"line":35,"column":4},"end":{"line":35,"column":40}},"18":{"start":{"line":36,"column":4},"end":{"line":36,"column":20}},"19":{"start":{"line":39,"column":2},"end":{"line":39,"column":21}}},"fnMap":{"0":{"name":"(anonymous_0)","decl":{"start":{"line":2,"column":0},"end":{"line":2,"column":1}},"loc":{"start":{"line":2,"column":23},"end":{"line":40,"column":1}},"line":2},"1":{"name":"data","decl":{"start":{"line":6,"column":19},"end":{"line":6,"column":23}},"loc":{"start":{"line":6,"column":26},"end":{"line":10,"column":5}},"line":6},"2":{"name":"getAnInstance","decl":{"start":{"line":17,"column":11},"end":{"line":17,"column":24}},"loc":{"start":{"line":17,"column":27},"end":{"line":26,"column":3}},"line":17},"3":{"name":"errorRender","decl":{"start":{"line":28,"column":29},"end":{"line":28,"column":40}},"loc":{"start":{"line":28,"column":43},"end":{"line":37,"column":3}},"line":28}},"branchMap":{"0":{"loc":{"start":{"line":18,"column":4},"end":{"line":22,"column":5}},"type":"if","locations":[{"start":{"line":18,"column":4},"end":{"line":22,"column":5}},{"start":{"line":18,"column":4},"end":{"line":22,"column":5}}],"line":18},"1":{"loc":{"start":{"line":28,"column":58},"end":{"line":28,"column":128}},"type":"cond-expr","locations":[{"start":{"line":28,"column":111},"end":{"line":28,"column":123}},{"start":{"line":28,"column":126},"end":{"line":28,"column":128}}],"line":28},"2":{"loc":{"start":{"line":28,"column":58},"end":{"line":28,"column":108}},"type":"binary-expr","locations":[{"start":{"line":28,"column":58},"end":{"line":28,"column":78}},{"start":{"line":28,"column":82},"end":{"line":28,"column":108}}],"line":28},"3":{"loc":{"start":{"line":30,"column":19},"end":{"line":30,"column":61}},"type":"binary-expr","locations":[{"start":{"line":30,"column":19},"end":{"line":30,"column":33}},{"start":{"line":30,"column":37},"end":{"line":30,"column":61}}],"line":30},"4":{"loc":{"start":{"line":33,"column":26},"end":{"line":33,"column":65}},"type":"binary-expr","locations":[{"start":{"line":33,"column":26},"end":{"line":33,"column":44}},{"start":{"line":33,"column":48},"end":{"line":33,"column":65}}],"line":33},"5":{"loc":{"start":{"line":34,"column":25},"end":{"line":34,"column":62}},"type":"binary-expr","locations":[{"start":{"line":34,"column":25},"end":{"line":34,"column":42}},{"start":{"line":34,"column":46},"end":{"line":34,"column":62}}],"line":34}},"s":{"0":0,"1":0,"2":0,"3":0,"4":0,"5":0,"6":0,"7":0,"8":0,"9":0,"10":0,"11":0,"12":0,"13":0,"14":0,"15":0,"16":0,"17":0,"18":0,"19":0},"f":{"0":0,"1":0,"2":0,"3":0},"b":{"0":[0,0],"1":[0,0],"2":[0,0],"3":[0,0],"4":[0,0],"5":[0,0]}}
,"/Users/jiayihu/jiayi/projects/v-verify/src/index.js": {"path":"/Users/jiayihu/jiayi/projects/v-verify/src/index.js","statementMap":{"0":{"start":{"line":1,"column":13},"end":{"line":1,"column":75}},"1":{"start":{"line":1,"column":88},"end":{"line":1,"column":119}},"2":{"start":{"line":1,"column":134},"end":{"line":1,"column":164}},"3":{"start":{"line":2,"column":17},"end":{"line":2,"column":42}},"4":{"start":{"line":2,"column":61},"end":{"line":2,"column":95}},"5":{"start":{"line":3,"column":14},"end":{"line":3,"column":33}},"6":{"start":{"line":3,"column":49},"end":{"line":3,"column":80}},"7":{"start":{"line":3,"column":119},"end":{"line":3,"column":173}},"8":{"start":{"line":11,"column":37},"end":{"line":11,"column":107}},"9":{"start":{"line":12,"column":2},"end":{"line":12,"column":41}},"10":{"start":{"line":13,"column":2},"end":{"line":13,"column":53}},"11":{"start":{"line":14,"column":2},"end":{"line":14,"column":66}},"12":{"start":{"line":15,"column":2},"end":{"line":27,"column":3}},"13":{"start":{"line":16,"column":20},"end":{"line":22,"column":49}},"14":{"start":{"line":24,"column":4},"end":{"line":24,"column":27}},"15":{"start":{"line":26,"column":4},"end":{"line":26,"column":41}},"16":{"start":{"line":30,"column":0},"end":{"line":32,"column":1}},"17":{"start":{"line":31,"column":2},"end":{"line":31,"column":22}},"18":{"start":{"line":32,"column":1},"end":{"line":35,"column":21}}},"fnMap":{"0":{"name":"_interopRequireDefault","decl":{"start":{"line":3,"column":90},"end":{"line":3,"column":112}},"loc":{"start":{"line":3,"column":118},"end":{"line":3,"column":174}},"line":3},"1":{"name":"install","decl":{"start":{"line":11,"column":9},"end":{"line":11,"column":16}},"loc":{"start":{"line":11,"column":22},"end":{"line":28,"column":1}},"line":11}},"branchMap":{"0":{"loc":{"start":{"line":3,"column":126},"end":{"line":3,"column":172}},"type":"cond-expr","locations":[{"start":{"line":3,"column":150},"end":{"line":3,"column":153}},{"start":{"line":3,"column":156},"end":{"line":3,"column":172}}],"line":3},"1":{"loc":{"start":{"line":3,"column":126},"end":{"line":3,"column":147}},"type":"binary-expr","locations":[{"start":{"line":3,"column":126},"end":{"line":3,"column":129}},{"start":{"line":3,"column":133},"end":{"line":3,"column":147}}],"line":3},"2":{"loc":{"start":{"line":11,"column":37},"end":{"line":11,"column":107}},"type":"cond-expr","locations":[{"start":{"line":11,"column":90},"end":{"line":11,"column":102}},{"start":{"line":11,"column":105},"end":{"line":11,"column":107}}],"line":11},"3":{"loc":{"start":{"line":11,"column":37},"end":{"line":11,"column":87}},"type":"binary-expr","locations":[{"start":{"line":11,"column":37},"end":{"line":11,"column":57}},{"start":{"line":11,"column":61},"end":{"line":11,"column":87}}],"line":11},"4":{"loc":{"start":{"line":12,"column":17},"end":{"line":12,"column":40}},"type":"binary-expr","locations":[{"start":{"line":12,"column":17},"end":{"line":12,"column":29}},{"start":{"line":12,"column":33},"end":{"line":12,"column":40}}],"line":12},"5":{"loc":{"start":{"line":19,"column":18},"end":{"line":19,"column":44}},"type":"binary-expr","locations":[{"start":{"line":19,"column":18},"end":{"line":19,"column":36}},{"start":{"line":19,"column":40},"end":{"line":19,"column":44}}],"line":19},"6":{"loc":{"start":{"line":30,"column":0},"end":{"line":32,"column":1}},"type":"if","locations":[{"start":{"line":30,"column":0},"end":{"line":32,"column":1}},{"start":{"line":30,"column":0},"end":{"line":32,"column":1}}],"line":30},"7":{"loc":{"start":{"line":30,"column":4},"end":{"line":30,"column":47}},"type":"binary-expr","locations":[{"start":{"line":30,"column":4},"end":{"line":30,"column":33}},{"start":{"line":30,"column":37},"end":{"line":30,"column":47}}],"line":30}},"s":{"0":0,"1":0,"2":0,"3":0,"4":0,"5":0,"6":0,"7":0,"8":0,"9":0,"10":0,"11":0,"12":0,"13":0,"14":0,"15":0,"16":0,"17":0,"18":0},"f":{"0":0,"1":0},"b":{"0":[0,0],"1":[0,0],"2":[0,0],"3":[0,0],"4":[0,0],"5":[0,0],"6":[0,0],"7":[0,0]}}
,"/Users/jiayihu/jiayi/projects/v-verify/src/utils.js": {"path":"/Users/jiayihu/jiayi/projects/v-verify/src/utils.js","statementMap":{"0":{"start":{"line":8,"column":21},"end":{"line":8,"column":23}},"1":{"start":{"line":9,"column":2},"end":{"line":12,"column":4}},"2":{"start":{"line":11,"column":4},"end":{"line":11,"column":54}},"3":{"start":{"line":13,"column":2},"end":{"line":15,"column":3}},"4":{"start":{"line":14,"column":4},"end":{"line":14,"column":22}},"5":{"start":{"line":16,"column":2},"end":{"line":18,"column":16}},"6":{"start":{"line":22,"column":2},"end":{"line":22,"column":43}},"7":{"start":{"line":22,"column":31},"end":{"line":22,"column":43}},"8":{"start":{"line":23,"column":15},"end":{"line":23,"column":54}},"9":{"start":{"line":23,"column":42},"end":{"line":23,"column":53}},"10":{"start":{"line":24,"column":2},"end":{"line":24,"column":29}},"11":{"start":{"line":28,"column":2},"end":{"line":33,"column":3}},"12":{"start":{"line":29,"column":4},"end":{"line":31,"column":7}},"13":{"start":{"line":30,"column":6},"end":{"line":30,"column":56}},"14":{"start":{"line":32,"column":4},"end":{"line":32,"column":10}},"15":{"start":{"line":34,"column":2},"end":{"line":34,"column":24}},"16":{"start":{"line":38,"column":19},"end":{"line":38,"column":31}},"17":{"start":{"line":39,"column":12},"end":{"line":39,"column":16}},"18":{"start":{"line":40,"column":2},"end":{"line":72,"column":3}},"19":{"start":{"line":42,"column":6},"end":{"line":47,"column":7}},"20":{"start":{"line":43,"column":8},"end":{"line":45,"column":9}},"21":{"start":{"line":44,"column":10},"end":{"line":44,"column":22}},"22":{"start":{"line":46,"column":8},"end":{"line":46,"column":19}},"23":{"start":{"line":48,"column":6},"end":{"line":48,"column":11}},"24":{"start":{"line":50,"column":6},"end":{"line":59,"column":7}},"25":{"start":{"line":51,"column":20},"end":{"line":51,"column":24}},"26":{"start":{"line":52,"column":8},"end":{"line":57,"column":9}},"27":{"start":{"line":53,"column":10},"end":{"line":55,"column":11}},"28":{"start":{"line":54,"column":12},"end":{"line":54,"column":38}},"29":{"start":{"line":56,"column":10},"end":{"line":56,"column":27}},"30":{"start":{"line":56,"column":22},"end":{"line":56,"column":27}},"31":{"start":{"line":58,"column":8},"end":{"line":58,"column":20}},"32":{"start":{"line":60,"column":6},"end":{"line":60,"column":11}},"33":{"start":{"line":62,"column":6},"end":{"line":64,"column":7}},"34":{"start":{"line":63,"column":8},"end":{"line":63,"column":55}},"35":{"start":{"line":65,"column":6},"end":{"line":65,"column":11}},"36":{"start":{"line":67,"column":6},"end":{"line":71,"column":7}},"37":{"start":{"line":68,"column":8},"end":{"line":70,"column":11}},"38":{"start":{"line":69,"column":10},"end":{"line":69,"column":48}},"39":{"start":{"line":73,"column":2},"end":{"line":73,"column":19}}},"fnMap":{"0":{"name":"classOf","decl":{"start":{"line":7,"column":9},"end":{"line":7,"column":16}},"loc":{"start":{"line":7,"column":23},"end":{"line":19,"column":1}},"line":7},"1":{"name":"(anonymous_1)","decl":{"start":{"line":10,"column":11},"end":{"line":10,"column":12}},"loc":{"start":{"line":10,"column":21},"end":{"line":12,"column":3}},"line":10},"2":{"name":"filterRegParams","decl":{"start":{"line":21,"column":9},"end":{"line":21,"column":24}},"loc":{"start":{"line":21,"column":31},"end":{"line":25,"column":1}},"line":21},"3":{"name":"(anonymous_3)","decl":{"start":{"line":23,"column":34},"end":{"line":23,"column":35}},"loc":{"start":{"line":23,"column":42},"end":{"line":23,"column":53}},"line":23},"4":{"name":"splitRegs","decl":{"start":{"line":27,"column":9},"end":{"line":27,"column":18}},"loc":{"start":{"line":27,"column":26},"end":{"line":35,"column":1}},"line":27},"5":{"name":"(anonymous_5)","decl":{"start":{"line":29,"column":14},"end":{"line":29,"column":15}},"loc":{"start":{"line":29,"column":26},"end":{"line":31,"column":5}},"line":29},"6":{"name":"verifyValue","decl":{"start":{"line":37,"column":9},"end":{"line":37,"column":20}},"loc":{"start":{"line":37,"column":42},"end":{"line":74,"column":1}},"line":37},"7":{"name":"(anonymous_7)","decl":{"start":{"line":42,"column":12},"end":{"line":42,"column":13}},"loc":{"start":{"line":42,"column":23},"end":{"line":47,"column":7}},"line":42},"8":{"name":"(anonymous_8)","decl":{"start":{"line":50,"column":12},"end":{"line":50,"column":13}},"loc":{"start":{"line":50,"column":23},"end":{"line":59,"column":7}},"line":50},"9":{"name":"(anonymous_9)","decl":{"start":{"line":62,"column":12},"end":{"line":62,"column":13}},"loc":{"start":{"line":62,"column":23},"end":{"line":64,"column":7}},"line":62},"10":{"name":"(anonymous_10)","decl":{"start":{"line":67,"column":12},"end":{"line":67,"column":13}},"loc":{"start":{"line":67,"column":23},"end":{"line":71,"column":7}},"line":67},"11":{"name":"(anonymous_11)","decl":{"start":{"line":68,"column":18},"end":{"line":68,"column":19}},"loc":{"start":{"line":68,"column":30},"end":{"line":70,"column":9}},"line":68}},"branchMap":{"0":{"loc":{"start":{"line":13,"column":2},"end":{"line":15,"column":3}},"type":"if","locations":[{"start":{"line":13,"column":2},"end":{"line":15,"column":3}},{"start":{"line":13,"column":2},"end":{"line":15,"column":3}}],"line":13},"1":{"loc":{"start":{"line":16,"column":9},"end":{"line":18,"column":16}},"type":"cond-expr","locations":[{"start":{"line":17,"column":6},"end":{"line":17,"column":61}},{"start":{"line":18,"column":6},"end":{"line":18,"column":16}}],"line":16},"2":{"loc":{"start":{"line":16,"column":9},"end":{"line":16,"column":61}},"type":"binary-expr","locations":[{"start":{"line":16,"column":9},"end":{"line":16,"column":32}},{"start":{"line":16,"column":36},"end":{"line":16,"column":61}}],"line":16},"3":{"loc":{"start":{"line":17,"column":6},"end":{"line":17,"column":61}},"type":"binary-expr","locations":[{"start":{"line":17,"column":6},"end":{"line":17,"column":49}},{"start":{"line":17,"column":53},"end":{"line":17,"column":61}}],"line":17},"4":{"loc":{"start":{"line":22,"column":2},"end":{"line":22,"column":43}},"type":"if","locations":[{"start":{"line":22,"column":2},"end":{"line":22,"column":43}},{"start":{"line":22,"column":2},"end":{"line":22,"column":43}}],"line":22},"5":{"loc":{"start":{"line":28,"column":2},"end":{"line":33,"column":3}},"type":"if","locations":[{"start":{"line":28,"column":2},"end":{"line":33,"column":3}},{"start":{"line":28,"column":2},"end":{"line":33,"column":3}}],"line":28},"6":{"loc":{"start":{"line":40,"column":2},"end":{"line":72,"column":3}},"type":"switch","locations":[{"start":{"line":41,"column":4},"end":{"line":48,"column":11}},{"start":{"line":49,"column":4},"end":{"line":60,"column":11}},{"start":{"line":61,"column":4},"end":{"line":65,"column":11}},{"start":{"line":66,"column":4},"end":{"line":71,"column":7}}],"line":40},"7":{"loc":{"start":{"line":43,"column":8},"end":{"line":45,"column":9}},"type":"if","locations":[{"start":{"line":43,"column":8},"end":{"line":45,"column":9}},{"start":{"line":43,"column":8},"end":{"line":45,"column":9}}],"line":43},"8":{"loc":{"start":{"line":53,"column":10},"end":{"line":55,"column":11}},"type":"if","locations":[{"start":{"line":53,"column":10},"end":{"line":55,"column":11}},{"start":{"line":53,"column":10},"end":{"line":55,"column":11}}],"line":53},"9":{"loc":{"start":{"line":56,"column":10},"end":{"line":56,"column":27}},"type":"if","locations":[{"start":{"line":56,"column":10},"end":{"line":56,"column":27}},{"start":{"line":56,"column":10},"end":{"line":56,"column":27}}],"line":56},"10":{"loc":{"start":{"line":63,"column":15},"end":{"line":63,"column":55}},"type":"cond-expr","locations":[{"start":{"line":63,"column":24},"end":{"line":63,"column":42}},{"start":{"line":63,"column":45},"end":{"line":63,"column":55}}],"line":63}},"s":{"0":5,"1":5,"2":45,"3":5,"4":0,"5":5,"6":4,"7":2,"8":2,"9":5,"10":2,"11":0,"12":0,"13":0,"14":0,"15":0,"16":2,"17":2,"18":2,"19":1,"20":1,"21":0,"22":1,"23":1,"24":0,"25":0,"26":0,"27":0,"28":0,"29":0,"30":0,"31":0,"32":0,"33":1,"34":1,"35":1,"36":0,"37":0,"38":0,"39":2},"f":{"0":5,"1":45,"2":4,"3":5,"4":0,"5":0,"6":2,"7":1,"8":0,"9":1,"10":0,"11":0},"b":{"0":[0,5],"1":[4,1],"2":[5,2],"3":[4,0],"4":[2,2],"5":[0,0],"6":[1,0,1,0],"7":[0,1],"8":[0,0],"9":[0,0],"10":[0,1]},"_coverageSchema":"332fd63041d2c1bcb487cc26dd0d5f7d97098a6c","hash":"efebb7382feaf7e0c35b031992a3fc9098a61f78"}
,"/Users/jiayihu/jiayi/projects/v-verify/src/verify.js": {"path":"/Users/jiayihu/jiayi/projects/v-verify/src/verify.js","statementMap":{"0":{"start":{"line":4,"column":4},"end":{"line":4,"column":22}},"1":{"start":{"line":5,"column":4},"end":{"line":5,"column":32}},"2":{"start":{"line":9,"column":4},"end":{"line":12,"column":5}},"3":{"start":{"line":10,"column":6},"end":{"line":10,"column":36}},"4":{"start":{"line":11,"column":6},"end":{"line":11,"column":12}},"5":{"start":{"line":14,"column":4},"end":{"line":16,"column":5}},"6":{"start":{"line":15,"column":6},"end":{"line":15,"column":30}},"7":{"start":{"line":18,"column":4},"end":{"line":18,"column":32}},"8":{"start":{"line":19,"column":4},"end":{"line":19,"column":15}},"9":{"start":{"line":23,"column":20},"end":{"line":23,"column":39}},"10":{"start":{"line":24,"column":19},"end":{"line":24,"column":21}},"11":{"start":{"line":25,"column":4},"end":{"line":28,"column":5}},"12":{"start":{"line":26,"column":6},"end":{"line":26,"column":31}},"13":{"start":{"line":27,"column":6},"end":{"line":27,"column":12}},"14":{"start":{"line":29,"column":4},"end":{"line":32,"column":6}},"15":{"start":{"line":30,"column":6},"end":{"line":30,"column":44}},"16":{"start":{"line":30,"column":38},"end":{"line":30,"column":44}},"17":{"start":{"line":31,"column":6},"end":{"line":31,"column":39}},"18":{"start":{"line":33,"column":4},"end":{"line":33,"column":17}},"19":{"start":{"line":37,"column":20},"end":{"line":37,"column":39}},"20":{"start":{"line":38,"column":4},"end":{"line":41,"column":5}},"21":{"start":{"line":39,"column":6},"end":{"line":39,"column":31}},"22":{"start":{"line":40,"column":6},"end":{"line":40,"column":12}},"23":{"start":{"line":42,"column":4},"end":{"line":50,"column":5}},"24":{"start":{"line":43,"column":6},"end":{"line":47,"column":7}},"25":{"start":{"line":44,"column":8},"end":{"line":44,"column":43}},"26":{"start":{"line":44,"column":33},"end":{"line":44,"column":41}},"27":{"start":{"line":45,"column":8},"end":{"line":45,"column":40}},"28":{"start":{"line":46,"column":8},"end":{"line":46,"column":13}},"29":{"start":{"line":49,"column":6},"end":{"line":49,"column":32}},"30":{"start":{"line":51,"column":4},"end":{"line":51,"column":24}},"31":{"start":{"line":55,"column":4},"end":{"line":55,"column":31}},"32":{"start":{"line":59,"column":23},"end":{"line":59,"column":49}},"33":{"start":{"line":60,"column":4},"end":{"line":65,"column":5}},"34":{"start":{"line":61,"column":6},"end":{"line":63,"column":9}},"35":{"start":{"line":62,"column":8},"end":{"line":62,"column":46}},"36":{"start":{"line":64,"column":6},"end":{"line":64,"column":12}},"37":{"start":{"line":66,"column":4},"end":{"line":68,"column":61}}},"fnMap":{"0":{"name":"(anonymous_0)","decl":{"start":{"line":3,"column":2},"end":{"line":3,"column":3}},"loc":{"start":{"line":3,"column":27},"end":{"line":6,"column":3}},"line":3},"1":{"name":"(anonymous_1)","decl":{"start":{"line":8,"column":2},"end":{"line":8,"column":3}},"loc":{"start":{"line":8,"column":22},"end":{"line":20,"column":3}},"line":8},"2":{"name":"(anonymous_2)","decl":{"start":{"line":22,"column":2},"end":{"line":22,"column":3}},"loc":{"start":{"line":22,"column":19},"end":{"line":34,"column":3}},"line":22},"3":{"name":"(anonymous_3)","decl":{"start":{"line":29,"column":20},"end":{"line":29,"column":21}},"loc":{"start":{"line":29,"column":28},"end":{"line":32,"column":5}},"line":29},"4":{"name":"(anonymous_4)","decl":{"start":{"line":36,"column":2},"end":{"line":36,"column":3}},"loc":{"start":{"line":36,"column":25},"end":{"line":52,"column":3}},"line":36},"5":{"name":"(anonymous_5)","decl":{"start":{"line":54,"column":2},"end":{"line":54,"column":3}},"loc":{"start":{"line":54,"column":19},"end":{"line":56,"column":3}},"line":54},"6":{"name":"(anonymous_6)","decl":{"start":{"line":58,"column":2},"end":{"line":58,"column":3}},"loc":{"start":{"line":58,"column":28},"end":{"line":69,"column":3}},"line":58},"7":{"name":"(anonymous_7)","decl":{"start":{"line":61,"column":16},"end":{"line":61,"column":17}},"loc":{"start":{"line":61,"column":28},"end":{"line":63,"column":7}},"line":61}},"branchMap":{"0":{"loc":{"start":{"line":9,"column":4},"end":{"line":12,"column":5}},"type":"if","locations":[{"start":{"line":9,"column":4},"end":{"line":12,"column":5}},{"start":{"line":9,"column":4},"end":{"line":12,"column":5}}],"line":9},"1":{"loc":{"start":{"line":9,"column":8},"end":{"line":9,"column":76}},"type":"binary-expr","locations":[{"start":{"line":9,"column":8},"end":{"line":9,"column":13}},{"start":{"line":9,"column":17},"end":{"line":9,"column":20}},{"start":{"line":9,"column":24},"end":{"line":9,"column":48}},{"start":{"line":9,"column":52},"end":{"line":9,"column":76}}],"line":9},"2":{"loc":{"start":{"line":14,"column":4},"end":{"line":16,"column":5}},"type":"if","locations":[{"start":{"line":14,"column":4},"end":{"line":16,"column":5}},{"start":{"line":14,"column":4},"end":{"line":16,"column":5}}],"line":14},"3":{"loc":{"start":{"line":25,"column":4},"end":{"line":28,"column":5}},"type":"if","locations":[{"start":{"line":25,"column":4},"end":{"line":28,"column":5}},{"start":{"line":25,"column":4},"end":{"line":28,"column":5}}],"line":25},"4":{"loc":{"start":{"line":25,"column":8},"end":{"line":25,"column":44}},"type":"binary-expr","locations":[{"start":{"line":25,"column":8},"end":{"line":25,"column":13}},{"start":{"line":25,"column":17},"end":{"line":25,"column":25}},{"start":{"line":25,"column":29},"end":{"line":25,"column":44}}],"line":25},"5":{"loc":{"start":{"line":30,"column":6},"end":{"line":30,"column":44}},"type":"if","locations":[{"start":{"line":30,"column":6},"end":{"line":30,"column":44}},{"start":{"line":30,"column":6},"end":{"line":30,"column":44}}],"line":30},"6":{"loc":{"start":{"line":38,"column":4},"end":{"line":41,"column":5}},"type":"if","locations":[{"start":{"line":38,"column":4},"end":{"line":41,"column":5}},{"start":{"line":38,"column":4},"end":{"line":41,"column":5}}],"line":38},"7":{"loc":{"start":{"line":38,"column":8},"end":{"line":38,"column":44}},"type":"binary-expr","locations":[{"start":{"line":38,"column":8},"end":{"line":38,"column":13}},{"start":{"line":38,"column":17},"end":{"line":38,"column":25}},{"start":{"line":38,"column":29},"end":{"line":38,"column":44}}],"line":38},"8":{"loc":{"start":{"line":42,"column":4},"end":{"line":50,"column":5}},"type":"if","locations":[{"start":{"line":42,"column":4},"end":{"line":50,"column":5}},{"start":{"line":42,"column":4},"end":{"line":50,"column":5}}],"line":42},"9":{"loc":{"start":{"line":44,"column":8},"end":{"line":44,"column":43}},"type":"if","locations":[{"start":{"line":44,"column":8},"end":{"line":44,"column":43}},{"start":{"line":44,"column":8},"end":{"line":44,"column":43}}],"line":44},"10":{"loc":{"start":{"line":60,"column":4},"end":{"line":65,"column":5}},"type":"if","locations":[{"start":{"line":60,"column":4},"end":{"line":65,"column":5}},{"start":{"line":60,"column":4},"end":{"line":65,"column":5}}],"line":60},"11":{"loc":{"start":{"line":66,"column":11},"end":{"line":68,"column":61}},"type":"cond-expr","locations":[{"start":{"line":67,"column":11},"end":{"line":67,"column":76}},{"start":{"line":68,"column":11},"end":{"line":68,"column":61}}],"line":66}},"s":{"0":1,"1":1,"2":2,"3":0,"4":0,"5":2,"6":1,"7":2,"8":2,"9":1,"10":1,"11":1,"12":0,"13":0,"14":1,"15":2,"16":0,"17":2,"18":1,"19":1,"20":1,"21":0,"22":0,"23":1,"24":0,"25":0,"26":0,"27":0,"28":0,"29":1,"30":1,"31":0,"32":1,"33":1,"34":0,"35":0,"36":0,"37":1},"f":{"0":1,"1":2,"2":1,"3":2,"4":1,"5":0,"6":1,"7":0},"b":{"0":[0,2],"1":[2,2,2,2],"2":[1,1],"3":[0,1],"4":[1,1,1],"5":[0,2],"6":[0,1],"7":[1,1,1],"8":[0,1],"9":[0,0],"10":[0,1],"11":[0,1]},"_coverageSchema":"332fd63041d2c1bcb487cc26dd0d5f7d97098a6c","hash":"76a6cd7897e0e4301714a8525797ff4f73e3edfa"}
,"/Users/jiayihu/jiayi/projects/v-verify/src/locale/en_us.js": {"path":"/Users/jiayihu/jiayi/projects/v-verify/src/locale/en_us.js","statementMap":{"0":{"start":{"line":1,"column":13},"end":{"line":1,"column":75}},"1":{"start":{"line":1,"column":75},"end":{"line":9,"column":79}},"2":{"start":{"line":3,"column":38},"end":{"line":3,"column":69}},"3":{"start":{"line":4,"column":38},"end":{"line":4,"column":93}},"4":{"start":{"line":5,"column":32},"end":{"line":5,"column":72}},"5":{"start":{"line":6,"column":38},"end":{"line":6,"column":107}},"6":{"start":{"line":7,"column":36},"end":{"line":7,"column":88}},"7":{"start":{"line":8,"column":36},"end":{"line":8,"column":81}},"8":{"start":{"line":9,"column":36},"end":{"line":9,"column":75}}},"fnMap":{"0":{"name":"required","decl":{"start":{"line":3,"column":21},"end":{"line":3,"column":29}},"loc":{"start":{"line":3,"column":37},"end":{"line":3,"column":70}},"line":3},"1":{"name":"numberic","decl":{"start":{"line":4,"column":21},"end":{"line":4,"column":29}},"loc":{"start":{"line":4,"column":37},"end":{"line":4,"column":94}},"line":4},"2":{"name":"email","decl":{"start":{"line":5,"column":18},"end":{"line":5,"column":23}},"loc":{"start":{"line":5,"column":31},"end":{"line":5,"column":73}},"line":5},"3":{"name":"date","decl":{"start":{"line":6,"column":17},"end":{"line":6,"column":21}},"loc":{"start":{"line":6,"column":37},"end":{"line":6,"column":108}},"line":6},"4":{"name":"max","decl":{"start":{"line":7,"column":16},"end":{"line":7,"column":19}},"loc":{"start":{"line":7,"column":35},"end":{"line":7,"column":89}},"line":7},"5":{"name":"min","decl":{"start":{"line":8,"column":16},"end":{"line":8,"column":19}},"loc":{"start":{"line":8,"column":35},"end":{"line":8,"column":82}},"line":8},"6":{"name":"len","decl":{"start":{"line":9,"column":16},"end":{"line":9,"column":19}},"loc":{"start":{"line":9,"column":35},"end":{"line":9,"column":76}},"line":9}},"branchMap":{"0":{"loc":{"start":{"line":6,"column":83},"end":{"line":6,"column":105}},"type":"binary-expr","locations":[{"start":{"line":6,"column":83},"end":{"line":6,"column":89}},{"start":{"line":6,"column":93},"end":{"line":6,"column":105}}],"line":6}},"s":{"0":0,"1":0,"2":0,"3":0,"4":0,"5":0,"6":0,"7":0,"8":0},"f":{"0":0,"1":0,"2":0,"3":0,"4":0,"5":0,"6":0},"b":{"0":[0,0]}}
,"/Users/jiayihu/jiayi/projects/v-verify/src/locale/index.js": {"path":"/Users/jiayihu/jiayi/projects/v-verify/src/locale/index.js","statementMap":{"0":{"start":{"line":1,"column":13},"end":{"line":1,"column":75}},"1":{"start":{"line":1,"column":88},"end":{"line":1,"column":109}},"2":{"start":{"line":1,"column":124},"end":{"line":1,"column":154}},"3":{"start":{"line":2,"column":13},"end":{"line":2,"column":34}},"4":{"start":{"line":2,"column":49},"end":{"line":2,"column":79}},"5":{"start":{"line":2,"column":118},"end":{"line":2,"column":172}},"6":{"start":{"line":2,"column":173},"end":{"line":4,"column":51}}},"fnMap":{"0":{"name":"_interopRequireDefault","decl":{"start":{"line":2,"column":89},"end":{"line":2,"column":111}},"loc":{"start":{"line":2,"column":117},"end":{"line":2,"column":173}},"line":2}},"branchMap":{"0":{"loc":{"start":{"line":2,"column":125},"end":{"line":2,"column":171}},"type":"cond-expr","locations":[{"start":{"line":2,"column":149},"end":{"line":2,"column":152}},{"start":{"line":2,"column":155},"end":{"line":2,"column":171}}],"line":2},"1":{"loc":{"start":{"line":2,"column":125},"end":{"line":2,"column":146}},"type":"binary-expr","locations":[{"start":{"line":2,"column":125},"end":{"line":2,"column":128}},{"start":{"line":2,"column":132},"end":{"line":2,"column":146}}],"line":2}},"s":{"0":0,"1":0,"2":0,"3":0,"4":0,"5":0,"6":0},"f":{"0":0},"b":{"0":[0,0],"1":[0,0]}}
,"/Users/jiayihu/jiayi/projects/v-verify/src/locale/zh_cn.js": {"path":"/Users/jiayihu/jiayi/projects/v-verify/src/locale/zh_cn.js","statementMap":{"0":{"start":{"line":1,"column":13},"end":{"line":1,"column":75}},"1":{"start":{"line":1,"column":75},"end":{"line":10,"column":120}},"2":{"start":{"line":3,"column":38},"end":{"line":3,"column":80}},"3":{"start":{"line":4,"column":38},"end":{"line":4,"column":110}},"4":{"start":{"line":5,"column":32},"end":{"line":5,"column":104}},"5":{"start":{"line":6,"column":38},"end":{"line":6,"column":139}},"6":{"start":{"line":7,"column":36},"end":{"line":7,"column":99}},"7":{"start":{"line":8,"column":36},"end":{"line":8,"column":99}},"8":{"start":{"line":9,"column":36},"end":{"line":9,"column":93}},"9":{"start":{"line":10,"column":38},"end":{"line":10,"column":116}}},"fnMap":{"0":{"name":"required","decl":{"start":{"line":3,"column":21},"end":{"line":3,"column":29}},"loc":{"start":{"line":3,"column":37},"end":{"line":3,"column":81}},"line":3},"1":{"name":"numberic","decl":{"start":{"line":4,"column":21},"end":{"line":4,"column":29}},"loc":{"start":{"line":4,"column":37},"end":{"line":4,"column":111}},"line":4},"2":{"name":"email","decl":{"start":{"line":5,"column":18},"end":{"line":5,"column":23}},"loc":{"start":{"line":5,"column":31},"end":{"line":5,"column":105}},"line":5},"3":{"name":"date","decl":{"start":{"line":6,"column":17},"end":{"line":6,"column":21}},"loc":{"start":{"line":6,"column":37},"end":{"line":6,"column":140}},"line":6},"4":{"name":"max","decl":{"start":{"line":7,"column":16},"end":{"line":7,"column":19}},"loc":{"start":{"line":7,"column":35},"end":{"line":7,"column":100}},"line":7},"5":{"name":"min","decl":{"start":{"line":8,"column":16},"end":{"line":8,"column":19}},"loc":{"start":{"line":8,"column":35},"end":{"line":8,"column":100}},"line":8},"6":{"name":"len","decl":{"start":{"line":9,"column":16},"end":{"line":9,"column":19}},"loc":{"start":{"line":9,"column":35},"end":{"line":9,"column":94}},"line":9},"7":{"name":"identity","decl":{"start":{"line":10,"column":21},"end":{"line":10,"column":29}},"loc":{"start":{"line":10,"column":37},"end":{"line":10,"column":117}},"line":10}},"branchMap":{"0":{"loc":{"start":{"line":6,"column":115},"end":{"line":6,"column":137}},"type":"binary-expr","locations":[{"start":{"line":6,"column":115},"end":{"line":6,"column":121}},{"start":{"line":6,"column":125},"end":{"line":6,"column":137}}],"line":6}},"s":{"0":0,"1":0,"2":0,"3":0,"4":0,"5":0,"6":0,"7":0,"8":0,"9":0},"f":{"0":0,"1":0,"2":0,"3":0,"4":0,"5":0,"6":0,"7":0},"b":{"0":[0,0]}}
,"/Users/jiayihu/jiayi/projects/v-verify/src/validator/date.js": {"path":"/Users/jiayihu/jiayi/projects/v-verify/src/validator/date.js","statementMap":{"0":{"start":{"line":4,"column":17},"end":{"line":4,"column":49}},"1":{"start":{"line":5,"column":2},"end":{"line":7,"column":3}},"2":{"start":{"line":6,"column":4},"end":{"line":6,"column":16}},"3":{"start":{"line":8,"column":2},"end":{"line":8,"column":13}}},"fnMap":{"0":{"name":"(anonymous_0)","decl":{"start":{"line":3,"column":15},"end":{"line":3,"column":16}},"loc":{"start":{"line":3,"column":49},"end":{"line":9,"column":1}},"line":3}},"branchMap":{"0":{"loc":{"start":{"line":3,"column":23},"end":{"line":3,"column":44}},"type":"default-arg","locations":[{"start":{"line":3,"column":32},"end":{"line":3,"column":44}}],"line":3},"1":{"loc":{"start":{"line":5,"column":2},"end":{"line":7,"column":3}},"type":"if","locations":[{"start":{"line":5,"column":2},"end":{"line":7,"column":3}},{"start":{"line":5,"column":2},"end":{"line":7,"column":3}}],"line":5}},"s":{"0":3,"1":3,"2":0,"3":3},"f":{"0":3},"b":{"0":[1],"1":[0,3]},"_coverageSchema":"332fd63041d2c1bcb487cc26dd0d5f7d97098a6c","hash":"7c10ddba566803a70c8b6390b00d3c6ddefc0ff3"}
,"/Users/jiayihu/jiayi/projects/v-verify/src/validator/email.js": {"path":"/Users/jiayihu/jiayi/projects/v-verify/src/validator/email.js","statementMap":{"0":{"start":{"line":2,"column":2},"end":{"line":2,"column":74}}},"fnMap":{"0":{"name":"(anonymous_0)","decl":{"start":{"line":1,"column":15},"end":{"line":1,"column":16}},"loc":{"start":{"line":1,"column":26},"end":{"line":3,"column":1}},"line":1}},"branchMap":{},"s":{"0":0},"f":{"0":0},"b":{},"_coverageSchema":"332fd63041d2c1bcb487cc26dd0d5f7d97098a6c","hash":"83b9d940505609374616aacd5d91f098e622722f"}
,"/Users/jiayihu/jiayi/projects/v-verify/src/validator/identity.js": {"path":"/Users/jiayihu/jiayi/projects/v-verify/src/validator/identity.js","statementMap":{"0":{"start":{"line":2,"column":15},"end":{"line":2,"column":372}},"1":{"start":{"line":3,"column":2},"end":{"line":5,"column":3}},"2":{"start":{"line":4,"column":6},"end":{"line":4,"column":18}},"3":{"start":{"line":6,"column":14},"end":{"line":6,"column":88}},"4":{"start":{"line":7,"column":2},"end":{"line":9,"column":3}},"5":{"start":{"line":8,"column":6},"end":{"line":8,"column":18}},"6":{"start":{"line":10,"column":2},"end":{"line":10,"column":13}}},"fnMap":{"0":{"name":"(anonymous_0)","decl":{"start":{"line":1,"column":15},"end":{"line":1,"column":16}},"loc":{"start":{"line":1,"column":26},"end":{"line":11,"column":1}},"line":1}},"branchMap":{"0":{"loc":{"start":{"line":3,"column":2},"end":{"line":5,"column":3}},"type":"if","locations":[{"start":{"line":3,"column":2},"end":{"line":5,"column":3}},{"start":{"line":3,"column":2},"end":{"line":5,"column":3}}],"line":3},"1":{"loc":{"start":{"line":7,"column":2},"end":{"line":9,"column":3}},"type":"if","locations":[{"start":{"line":7,"column":2},"end":{"line":9,"column":3}},{"start":{"line":7,"column":2},"end":{"line":9,"column":3}}],"line":7}},"s":{"0":0,"1":0,"2":0,"3":0,"4":0,"5":0,"6":0},"f":{"0":0},"b":{"0":[0,0],"1":[0,0]},"_coverageSchema":"332fd63041d2c1bcb487cc26dd0d5f7d97098a6c","hash":"2b5822c0faacd1f2c1f09394d4f08741f26d826f"}
,"/Users/jiayihu/jiayi/projects/v-verify/src/validator/index.js": {"path":"/Users/jiayihu/jiayi/projects/v-verify/src/validator/index.js","statementMap":{},"fnMap":{},"branchMap":{},"s":{},"f":{},"b":{},"_coverageSchema":"332fd63041d2c1bcb487cc26dd0d5f7d97098a6c","hash":"9bf48517552288a8e092892af9cb95c1e472c338"}
,"/Users/jiayihu/jiayi/projects/v-verify/src/validator/len.js": {"path":"/Users/jiayihu/jiayi/projects/v-verify/src/validator/len.js","statementMap":{"0":{"start":{"line":2,"column":2},"end":{"line":2,"column":19}},"1":{"start":{"line":3,"column":2},"end":{"line":5,"column":3}},"2":{"start":{"line":4,"column":4},"end":{"line":4,"column":16}},"3":{"start":{"line":6,"column":2},"end":{"line":8,"column":3}},"4":{"start":{"line":7,"column":4},"end":{"line":7,"column":25}},"5":{"start":{"line":9,"column":2},"end":{"line":9,"column":29}}},"fnMap":{"0":{"name":"(anonymous_0)","decl":{"start":{"line":1,"column":15},"end":{"line":1,"column":16}},"loc":{"start":{"line":1,"column":33},"end":{"line":10,"column":1}},"line":1}},"branchMap":{"0":{"loc":{"start":{"line":3,"column":2},"end":{"line":5,"column":3}},"type":"if","locations":[{"start":{"line":3,"column":2},"end":{"line":5,"column":3}},{"start":{"line":3,"column":2},"end":{"line":5,"column":3}}],"line":3},"1":{"loc":{"start":{"line":3,"column":6},"end":{"line":3,"column":43}},"type":"binary-expr","locations":[{"start":{"line":3,"column":6},"end":{"line":3,"column":25}},{"start":{"line":3,"column":29},"end":{"line":3,"column":43}}],"line":3},"2":{"loc":{"start":{"line":6,"column":2},"end":{"line":8,"column":3}},"type":"if","locations":[{"start":{"line":6,"column":2},"end":{"line":8,"column":3}},{"start":{"line":6,"column":2},"end":{"line":8,"column":3}}],"line":6}},"s":{"0":0,"1":0,"2":0,"3":0,"4":0,"5":0},"f":{"0":0},"b":{"0":[0,0],"1":[0,0],"2":[0,0]},"_coverageSchema":"332fd63041d2c1bcb487cc26dd0d5f7d97098a6c","hash":"e0065f136968a39f5cf211b72b9a415b0be00bfb"}
,"/Users/jiayihu/jiayi/projects/v-verify/src/validator/max.js": {"path":"/Users/jiayihu/jiayi/projects/v-verify/src/validator/max.js","statementMap":{"0":{"start":{"line":2,"column":2},"end":{"line":4,"column":3}},"1":{"start":{"line":3,"column":4},"end":{"line":3,"column":22}},"2":{"start":{"line":6,"column":2},"end":{"line":6,"column":39}}},"fnMap":{"0":{"name":"(anonymous_0)","decl":{"start":{"line":1,"column":15},"end":{"line":1,"column":16}},"loc":{"start":{"line":1,"column":36},"end":{"line":7,"column":1}},"line":1}},"branchMap":{"0":{"loc":{"start":{"line":2,"column":2},"end":{"line":4,"column":3}},"type":"if","locations":[{"start":{"line":2,"column":2},"end":{"line":4,"column":3}},{"start":{"line":2,"column":2},"end":{"line":4,"column":3}}],"line":2},"1":{"loc":{"start":{"line":2,"column":6},"end":{"line":2,"column":43}},"type":"binary-expr","locations":[{"start":{"line":2,"column":6},"end":{"line":2,"column":25}},{"start":{"line":2,"column":29},"end":{"line":2,"column":43}}],"line":2}},"s":{"0":0,"1":0,"2":0},"f":{"0":0},"b":{"0":[0,0],"1":[0,0]},"_coverageSchema":"332fd63041d2c1bcb487cc26dd0d5f7d97098a6c","hash":"4749cd76d5af65684ca88c4db2f5391865b1e0b1"}
,"/Users/jiayihu/jiayi/projects/v-verify/src/validator/min.js": {"path":"/Users/jiayihu/jiayi/projects/v-verify/src/validator/min.js","statementMap":{"0":{"start":{"line":2,"column":2},"end":{"line":4,"column":3}},"1":{"start":{"line":3,"column":4},"end":{"line":3,"column":16}},"2":{"start":{"line":6,"column":2},"end":{"line":6,"column":39}}},"fnMap":{"0":{"name":"(anonymous_0)","decl":{"start":{"line":1,"column":15},"end":{"line":1,"column":16}},"loc":{"start":{"line":1,"column":36},"end":{"line":7,"column":1}},"line":1}},"branchMap":{"0":{"loc":{"start":{"line":2,"column":2},"end":{"line":4,"column":3}},"type":"if","locations":[{"start":{"line":2,"column":2},"end":{"line":4,"column":3}},{"start":{"line":2,"column":2},"end":{"line":4,"column":3}}],"line":2},"1":{"loc":{"start":{"line":2,"column":6},"end":{"line":2,"column":43}},"type":"binary-expr","locations":[{"start":{"line":2,"column":6},"end":{"line":2,"column":25}},{"start":{"line":2,"column":29},"end":{"line":2,"column":43}}],"line":2}},"s":{"0":0,"1":0,"2":0},"f":{"0":0},"b":{"0":[0,0],"1":[0,0]},"_coverageSchema":"332fd63041d2c1bcb487cc26dd0d5f7d97098a6c","hash":"9e057ccc73d02566e985e6af7a746833c1390177"}
,"/Users/jiayihu/jiayi/projects/v-verify/src/validator/numberic.js": {"path":"/Users/jiayihu/jiayi/projects/v-verify/src/validator/numberic.js","statementMap":{"0":{"start":{"line":2,"column":2},"end":{"line":2,"column":39}}},"fnMap":{"0":{"name":"(anonymous_0)","decl":{"start":{"line":1,"column":15},"end":{"line":1,"column":16}},"loc":{"start":{"line":1,"column":26},"end":{"line":3,"column":1}},"line":1}},"branchMap":{},"s":{"0":0},"f":{"0":0},"b":{},"_coverageSchema":"332fd63041d2c1bcb487cc26dd0d5f7d97098a6c","hash":"d02dceea30c8aba91afe22e996b6ed715cf4492b"}
,"/Users/jiayihu/jiayi/projects/v-verify/src/validator/required.js": {"path":"/Users/jiayihu/jiayi/projects/v-verify/src/validator/required.js","statementMap":{"0":{"start":{"line":2,"column":2},"end":{"line":4,"column":3}},"1":{"start":{"line":3,"column":4},"end":{"line":3,"column":17}},"2":{"start":{"line":6,"column":2},"end":{"line":6,"column":40}}},"fnMap":{"0":{"name":"(anonymous_0)","decl":{"start":{"line":1,"column":15},"end":{"line":1,"column":16}},"loc":{"start":{"line":1,"column":32},"end":{"line":7,"column":1}},"line":1}},"branchMap":{"0":{"loc":{"start":{"line":2,"column":2},"end":{"line":4,"column":3}},"type":"if","locations":[{"start":{"line":2,"column":2},"end":{"line":4,"column":3}},{"start":{"line":2,"column":2},"end":{"line":4,"column":3}}],"line":2},"1":{"loc":{"start":{"line":2,"column":6},"end":{"line":2,"column":59}},"type":"binary-expr","locations":[{"start":{"line":2,"column":6},"end":{"line":2,"column":25}},{"start":{"line":2,"column":29},"end":{"line":2,"column":43}},{"start":{"line":2,"column":47},"end":{"line":2,"column":59}}],"line":2}},"s":{"0":0,"1":0,"2":0},"f":{"0":0},"b":{"0":[0,0],"1":[0,0,0]},"_coverageSchema":"332fd63041d2c1bcb487cc26dd0d5f7d97098a6c","hash":"01c7f1c027418f35295ae108b1c4ebb4f4523b10"}
,"/Users/jiayihu/jiayi/projects/v-verify/src/vtips/component.js": {"path":"/Users/jiayihu/jiayi/projects/v-verify/src/vtips/component.js","statementMap":{"0":{"start":{"line":1,"column":13},"end":{"line":1,"column":75}},"1":{"start":{"line":1,"column":75},"end":{"line":69,"column":6}},"2":{"start":{"line":4,"column":4},"end":{"line":5,"column":21}},"3":{"start":{"line":12,"column":8},"end":{"line":14,"column":20}},"4":{"start":{"line":32,"column":4},"end":{"line":32,"column":28}},"5":{"start":{"line":32,"column":21},"end":{"line":32,"column":28}},"6":{"start":{"line":33,"column":4},"end":{"line":67,"column":30}}},"fnMap":{"0":{"name":"data","decl":{"start":{"line":3,"column":17},"end":{"line":3,"column":21}},"loc":{"start":{"line":3,"column":24},"end":{"line":7,"column":3}},"line":3},"1":{"name":"_default","decl":{"start":{"line":11,"column":24},"end":{"line":11,"column":32}},"loc":{"start":{"line":11,"column":35},"end":{"line":16,"column":7}},"line":11},"2":{"name":"render","decl":{"start":{"line":31,"column":19},"end":{"line":31,"column":25}},"loc":{"start":{"line":31,"column":29},"end":{"line":69,"column":3}},"line":31}},"branchMap":{"0":{"loc":{"start":{"line":32,"column":4},"end":{"line":32,"column":28}},"type":"if","locations":[{"start":{"line":32,"column":4},"end":{"line":32,"column":28}},{"start":{"line":32,"column":4},"end":{"line":32,"column":28}}],"line":32}},"s":{"0":0,"1":0,"2":0,"3":0,"4":0,"5":0,"6":0},"f":{"0":0,"1":0,"2":0},"b":{"0":[0,0]}}
,"/Users/jiayihu/jiayi/projects/v-verify/src/vtips/index.js": {"path":"/Users/jiayihu/jiayi/projects/v-verify/src/vtips/index.js","statementMap":{"0":{"start":{"line":1,"column":13},"end":{"line":1,"column":75}},"1":{"start":{"line":1,"column":75},"end":{"line":72,"column":2}},"2":{"start":{"line":4,"column":26},"end":{"line":4,"column":57}},"3":{"start":{"line":5,"column":17},"end":{"line":5,"column":19}},"4":{"start":{"line":8,"column":4},"end":{"line":12,"column":5}},"5":{"start":{"line":9,"column":21},"end":{"line":9,"column":32}},"6":{"start":{"line":10,"column":6},"end":{"line":10,"column":28}},"7":{"start":{"line":11,"column":6},"end":{"line":11,"column":22}},"8":{"start":{"line":13,"column":4},"end":{"line":14,"column":43}},"9":{"start":{"line":18,"column":25},"end":{"line":22,"column":3}},"10":{"start":{"line":19,"column":4},"end":{"line":21,"column":5}},"11":{"start":{"line":20,"column":6},"end":{"line":20,"column":30}},"12":{"start":{"line":25,"column":4},"end":{"line":30,"column":5}},"13":{"start":{"line":26,"column":22},"end":{"line":26,"column":69}},"14":{"start":{"line":27,"column":6},"end":{"line":29,"column":7}},"15":{"start":{"line":28,"column":8},"end":{"line":28,"column":50}},"16":{"start":{"line":31,"column":4},"end":{"line":33,"column":28}},"17":{"start":{"line":37,"column":18},"end":{"line":42,"column":3}},"18":{"start":{"line":38,"column":20},"end":{"line":38,"column":34}},"19":{"start":{"line":39,"column":4},"end":{"line":41,"column":5}},"20":{"start":{"line":40,"column":6},"end":{"line":40,"column":36}},"21":{"start":{"line":44,"column":2},"end":{"line":49,"column":4}},"22":{"start":{"line":45,"column":4},"end":{"line":45,"column":23}},"23":{"start":{"line":51,"column":14},"end":{"line":69,"column":3}},"24":{"start":{"line":51,"column":46},"end":{"line":51,"column":116}},"25":{"start":{"line":52,"column":19},"end":{"line":52,"column":52}},"26":{"start":{"line":53,"column":20},"end":{"line":53,"column":41}},"27":{"start":{"line":54,"column":4},"end":{"line":57,"column":5}},"28":{"start":{"line":55,"column":6},"end":{"line":55,"column":37}},"29":{"start":{"line":56,"column":6},"end":{"line":56,"column":13}},"30":{"start":{"line":59,"column":4},"end":{"line":59,"column":79}},"31":{"start":{"line":60,"column":4},"end":{"line":60,"column":92}},"32":{"start":{"line":61,"column":4},"end":{"line":61,"column":27}},"33":{"start":{"line":62,"column":4},"end":{"line":62,"column":66}},"34":{"start":{"line":63,"column":4},"end":{"line":63,"column":63}},"35":{"start":{"line":64,"column":4},"end":{"line":64,"column":40}},"36":{"start":{"line":65,"column":4},"end":{"line":67,"column":7}},"37":{"start":{"line":66,"column":6},"end":{"line":66,"column":28}},"38":{"start":{"line":68,"column":4},"end":{"line":68,"column":20}},"39":{"start":{"line":71,"column":2},"end":{"line":71,"column":15}},"40":{"start":{"line":72,"column":19},"end":{"line":72,"column":44}},"41":{"start":{"line":72,"column":63},"end":{"line":72,"column":97}},"42":{"start":{"line":72,"column":136},"end":{"line":72,"column":190}}},"fnMap":{"0":{"name":"(anonymous_0)","decl":{"start":{"line":3,"column":0},"end":{"line":3,"column":1}},"loc":{"start":{"line":3,"column":23},"end":{"line":72,"column":1}},"line":3},"1":{"name":"getAnInstance","decl":{"start":{"line":7,"column":11},"end":{"line":7,"column":24}},"loc":{"start":{"line":7,"column":27},"end":{"line":16,"column":3}},"line":7},"2":{"name":"returnAnInstance","decl":{"start":{"line":18,"column":34},"end":{"line":18,"column":50}},"loc":{"start":{"line":18,"column":61},"end":{"line":22,"column":3}},"line":18},"3":{"name":"getElPosition","decl":{"start":{"line":24,"column":11},"end":{"line":24,"column":24}},"loc":{"start":{"line":24,"column":29},"end":{"line":35,"column":3}},"line":24},"4":{"name":"removeDom","decl":{"start":{"line":37,"column":27},"end":{"line":37,"column":36}},"loc":{"start":{"line":37,"column":45},"end":{"line":42,"column":3}},"line":37},"5":{"name":"(anonymous_5)","decl":{"start":{"line":44,"column":38},"end":{"line":44,"column":39}},"loc":{"start":{"line":44,"column":52},"end":{"line":49,"column":3}},"line":44},"6":{"name":"vTips","decl":{"start":{"line":51,"column":23},"end":{"line":51,"column":28}},"loc":{"start":{"line":51,"column":31},"end":{"line":69,"column":3}},"line":51},"7":{"name":"(anonymous_7)","decl":{"start":{"line":65,"column":17},"end":{"line":65,"column":18}},"loc":{"start":{"line":65,"column":29},"end":{"line":67,"column":5}},"line":65},"8":{"name":"_interopRequireDefault","decl":{"start":{"line":72,"column":107},"end":{"line":72,"column":129}},"loc":{"start":{"line":72,"column":135},"end":{"line":72,"column":191}},"line":72}},"branchMap":{"0":{"loc":{"start":{"line":8,"column":4},"end":{"line":12,"column":5}},"type":"if","locations":[{"start":{"line":8,"column":4},"end":{"line":12,"column":5}},{"start":{"line":8,"column":4},"end":{"line":12,"column":5}}],"line":8},"1":{"loc":{"start":{"line":19,"column":4},"end":{"line":21,"column":5}},"type":"if","locations":[{"start":{"line":19,"column":4},"end":{"line":21,"column":5}},{"start":{"line":19,"column":4},"end":{"line":21,"column":5}}],"line":19},"2":{"loc":{"start":{"line":25,"column":4},"end":{"line":30,"column":5}},"type":"if","locations":[{"start":{"line":25,"column":4},"end":{"line":30,"column":5}},{"start":{"line":25,"column":4},"end":{"line":30,"column":5}}],"line":25},"3":{"loc":{"start":{"line":25,"column":8},"end":{"line":25,"column":81}},"type":"binary-expr","locations":[{"start":{"line":25,"column":8},"end":{"line":25,"column":31}},{"start":{"line":25,"column":35},"end":{"line":25,"column":48}},{"start":{"line":25,"column":52},"end":{"line":25,"column":81}}],"line":25},"4":{"loc":{"start":{"line":27,"column":6},"end":{"line":29,"column":7}},"type":"if","locations":[{"start":{"line":27,"column":6},"end":{"line":29,"column":7}},{"start":{"line":27,"column":6},"end":{"line":29,"column":7}}],"line":27},"5":{"loc":{"start":{"line":27,"column":10},"end":{"line":27,"column":46}},"type":"binary-expr","locations":[{"start":{"line":27,"column":10},"end":{"line":27,"column":20}},{"start":{"line":27,"column":24},"end":{"line":27,"column":46}}],"line":27},"6":{"loc":{"start":{"line":39,"column":4},"end":{"line":41,"column":5}},"type":"if","locations":[{"start":{"line":39,"column":4},"end":{"line":41,"column":5}},{"start":{"line":39,"column":4},"end":{"line":41,"column":5}}],"line":39},"7":{"loc":{"start":{"line":51,"column":46},"end":{"line":51,"column":116}},"type":"cond-expr","locations":[{"start":{"line":51,"column":99},"end":{"line":51,"column":111}},{"start":{"line":51,"column":114},"end":{"line":51,"column":116}}],"line":51},"8":{"loc":{"start":{"line":51,"column":46},"end":{"line":51,"column":96}},"type":"binary-expr","locations":[{"start":{"line":51,"column":46},"end":{"line":51,"column":66}},{"start":{"line":51,"column":70},"end":{"line":51,"column":96}}],"line":51},"9":{"loc":{"start":{"line":52,"column":19},"end":{"line":52,"column":52}},"type":"binary-expr","locations":[{"start":{"line":52,"column":19},"end":{"line":52,"column":33}},{"start":{"line":52,"column":37},"end":{"line":52,"column":52}}],"line":52},"10":{"loc":{"start":{"line":54,"column":4},"end":{"line":57,"column":5}},"type":"if","locations":[{"start":{"line":54,"column":4},"end":{"line":57,"column":5}},{"start":{"line":54,"column":4},"end":{"line":57,"column":5}}],"line":54},"11":{"loc":{"start":{"line":59,"column":23},"end":{"line":59,"column":78}},"type":"cond-expr","locations":[{"start":{"line":59,"column":53},"end":{"line":59,"column":60}},{"start":{"line":59,"column":63},"end":{"line":59,"column":78}}],"line":59},"12":{"loc":{"start":{"line":60,"column":24},"end":{"line":60,"column":91}},"type":"cond-expr","locations":[{"start":{"line":60,"column":37},"end":{"line":60,"column":72}},{"start":{"line":60,"column":75},"end":{"line":60,"column":91}}],"line":60},"13":{"loc":{"start":{"line":62,"column":26},"end":{"line":62,"column":65}},"type":"binary-expr","locations":[{"start":{"line":62,"column":26},"end":{"line":62,"column":44}},{"start":{"line":62,"column":48},"end":{"line":62,"column":65}}],"line":62},"14":{"loc":{"start":{"line":63,"column":25},"end":{"line":63,"column":62}},"type":"binary-expr","locations":[{"start":{"line":63,"column":25},"end":{"line":63,"column":42}},{"start":{"line":63,"column":46},"end":{"line":63,"column":62}}],"line":63},"15":{"loc":{"start":{"line":72,"column":143},"end":{"line":72,"column":189}},"type":"cond-expr","locations":[{"start":{"line":72,"column":167},"end":{"line":72,"column":170}},{"start":{"line":72,"column":173},"end":{"line":72,"column":189}}],"line":72},"16":{"loc":{"start":{"line":72,"column":143},"end":{"line":72,"column":164}},"type":"binary-expr","locations":[{"start":{"line":72,"column":143},"end":{"line":72,"column":146}},{"start":{"line":72,"column":150},"end":{"line":72,"column":164}}],"line":72}},"s":{"0":0,"1":0,"2":0,"3":0,"4":0,"5":0,"6":0,"7":0,"8":0,"9":0,"10":0,"11":0,"12":0,"13":0,"14":0,"15":0,"16":0,"17":0,"18":0,"19":0,"20":0,"21":0,"22":0,"23":0,"24":0,"25":0,"26":0,"27":0,"28":0,"29":0,"30":0,"31":0,"32":0,"33":0,"34":0,"35":0,"36":0,"37":0,"38":0,"39":0,"40":0,"41":0,"42":0},"f":{"0":0,"1":0,"2":0,"3":0,"4":0,"5":0,"6":0,"7":0,"8":0},"b":{"0":[0,0],"1":[0,0],"2":[0,0],"3":[0,0,0],"4":[0,0],"5":[0,0],"6":[0,0],"7":[0,0],"8":[0,0],"9":[0,0],"10":[0,0],"11":[0,0],"12":[0,0],"13":[0,0],"14":[0,0],"15":[0,0],"16":[0,0]}}
}
