TN:
SF:/Users/jiayihu/jiayi/projects/v-verify/src/directive.js
FN:1,(anonymous_0)
FN:1,defineProperties
FN:1,(anonymous_2)
FN:4,_interopRequireDefault
FN:4,_classCallCheck
FN:4,_possibleConstructorReturn
FN:4,_inherits
FN:12,(anonymous_7)
FN:13,Directive
FN:18,verifyRegs
FN:35,dealVerifyResult
FN:50,insertError
FN:63,tipsError
FN:77,dealFormClass
FN:87,getMessage
FN:94,bindSubmit
FN:100,(anonymous_16)
FN:103,verifyEvent
FN:113,bindEvent
FN:117,(anonymous_19)
FN:122,(anonymous_20)
FN:126,isForm
FN:142,setVerifyVal
FN:146,createOptions
FN:152,generateParam
FN:168,install
FN:173,inserted
FN:183,update
FN:189,unbind
FNF:29
FNH:0
FNDA:0,(anonymous_0)
FNDA:0,defineProperties
FNDA:0,(anonymous_2)
FNDA:0,_interopRequireDefault
FNDA:0,_classCallCheck
FNDA:0,_possibleConstructorReturn
FNDA:0,_inherits
FNDA:0,(anonymous_7)
FNDA:0,Directive
FNDA:0,verifyRegs
FNDA:0,dealVerifyResult
FNDA:0,insertError
FNDA:0,tipsError
FNDA:0,dealFormClass
FNDA:0,getMessage
FNDA:0,bindSubmit
FNDA:0,(anonymous_16)
FNDA:0,verifyEvent
FNDA:0,bindEvent
FNDA:0,(anonymous_19)
FNDA:0,(anonymous_20)
FNDA:0,isForm
FNDA:0,setVerifyVal
FNDA:0,createOptions
FNDA:0,generateParam
FNDA:0,install
FNDA:0,inserted
FNDA:0,update
FNDA:0,unbind
DA:1,0
DA:2,0
DA:3,0
DA:4,0
DA:12,0
DA:13,0
DA:14,0
DA:15,0
DA:16,0
DA:17,0
DA:18,0
DA:21,0
DA:22,0
DA:23,0
DA:24,0
DA:25,0
DA:26,0
DA:27,0
DA:28,0
DA:29,0
DA:31,0
DA:32,0
DA:34,0
DA:38,0
DA:39,0
DA:40,0
DA:41,0
DA:43,0
DA:44,0
DA:45,0
DA:46,0
DA:48,0
DA:49,0
DA:53,0
DA:54,0
DA:55,0
DA:56,0
DA:58,0
DA:66,0
DA:67,0
DA:68,0
DA:69,0
DA:71,0
DA:80,0
DA:81,0
DA:82,0
DA:83,0
DA:84,0
DA:86,0
DA:90,0
DA:91,0
DA:93,0
DA:97,0
DA:98,0
DA:99,0
DA:100,0
DA:101,0
DA:106,0
DA:107,0
DA:108,0
DA:109,0
DA:110,0
DA:112,0
DA:115,0
DA:116,0
DA:117,0
DA:118,0
DA:119,0
DA:121,0
DA:122,0
DA:123,0
DA:129,0
DA:130,0
DA:131,0
DA:132,0
DA:133,0
DA:135,0
DA:136,0
DA:137,0
DA:138,0
DA:141,0
DA:145,0
DA:149,0
DA:150,0
DA:153,0
DA:154,0
DA:157,0
DA:171,0
DA:172,0
DA:174,0
DA:175,0
DA:176,0
DA:179,0
DA:180,0
DA:184,0
DA:185,0
DA:186,0
DA:187,0
DA:190,0
DA:191,0
DA:192,0
DA:193,0
DA:194,0
DA:195,0
DA:196,0
DA:200,0
LF:106
LH:0
BRDA:1,0,0,0
BRDA:1,0,1,0
BRDA:1,1,0,0
BRDA:1,1,1,0
BRDA:1,2,0,0
BRDA:1,2,1,0
BRDA:1,3,0,0
BRDA:1,3,1,0
BRDA:4,4,0,0
BRDA:4,4,1,0
BRDA:4,5,0,0
BRDA:4,5,1,0
BRDA:4,6,0,0
BRDA:4,6,1,0
BRDA:4,7,0,0
BRDA:4,7,1,0
BRDA:4,8,0,0
BRDA:4,8,1,0
BRDA:4,9,0,0
BRDA:4,9,1,0
BRDA:4,9,2,0
BRDA:4,10,0,0
BRDA:4,10,1,0
BRDA:4,11,0,0
BRDA:4,11,1,0
BRDA:4,12,0,0
BRDA:4,12,1,0
BRDA:4,13,0,0
BRDA:4,13,1,0
BRDA:4,14,0,0
BRDA:4,14,1,0
BRDA:14,15,0,0
BRDA:14,15,1,0
BRDA:24,16,0,0
BRDA:24,16,1,0
BRDA:27,17,0,0
BRDA:27,17,1,0
BRDA:40,18,0,0
BRDA:40,18,1,0
BRDA:40,18,2,0
BRDA:41,19,0,0
BRDA:41,19,1,0
BRDA:43,20,0,0
BRDA:43,20,1,0
BRDA:45,21,0,0
BRDA:45,21,1,0
BRDA:53,22,0,0
BRDA:53,22,1,0
BRDA:53,23,0,0
BRDA:53,23,1,0
BRDA:54,24,0,0
BRDA:54,24,1,0
BRDA:54,25,0,0
BRDA:54,25,1,0
BRDA:60,26,0,0
BRDA:60,26,1,0
BRDA:66,27,0,0
BRDA:66,27,1,0
BRDA:66,28,0,0
BRDA:66,28,1,0
BRDA:67,29,0,0
BRDA:67,29,1,0
BRDA:67,30,0,0
BRDA:67,30,1,0
BRDA:74,31,0,0
BRDA:74,31,1,0
BRDA:81,32,0,0
BRDA:81,32,1,0
BRDA:81,33,0,0
BRDA:81,33,1,0
BRDA:81,33,2,0
BRDA:82,34,0,0
BRDA:82,34,1,0
BRDA:93,35,0,0
BRDA:93,35,1,0
BRDA:98,36,0,0
BRDA:98,36,1,0
BRDA:109,37,0,0
BRDA:109,37,1,0
BRDA:109,38,0,0
BRDA:109,38,1,0
BRDA:109,38,2,0
BRDA:118,39,0,0
BRDA:118,39,1,0
BRDA:121,40,0,0
BRDA:121,40,1,0
BRDA:129,41,0,0
BRDA:129,41,1,0
BRDA:132,42,0,0
BRDA:132,42,1,0
BRDA:136,43,0,0
BRDA:136,43,1,0
BRDA:153,44,0,0
BRDA:153,44,1,0
BRDA:154,45,0,0
BRDA:154,45,1,0
BRDA:159,46,0,0
BRDA:159,46,1,0
BRDA:159,46,2,0
BRDA:160,47,0,0
BRDA:160,47,1,0
BRDA:161,48,0,0
BRDA:161,48,1,0
BRDA:162,49,0,0
BRDA:162,49,1,0
BRDA:162,49,2,0
BRDA:163,50,0,0
BRDA:163,50,1,0
BRDA:163,50,2,0
BRDA:165,51,0,0
BRDA:165,51,1,0
BRDA:175,52,0,0
BRDA:175,52,1,0
BRDA:184,53,0,0
BRDA:184,53,1,0
BRDA:184,54,0,0
BRDA:184,54,1,0
BRDA:192,55,0,0
BRDA:192,55,1,0
BRDA:193,56,0,0
BRDA:193,56,1,0
BRDA:194,57,0,0
BRDA:194,57,1,0
BRF:123
BRH:0
end_of_record
TN:
SF:/Users/jiayihu/jiayi/projects/v-verify/src/error.js
FN:2,(anonymous_0)
FN:6,data
FN:17,getAnInstance
FN:28,errorRender
FNF:4
FNH:0
FNDA:0,(anonymous_0)
FNDA:0,data
FNDA:0,getAnInstance
FNDA:0,errorRender
DA:1,0
DA:3,0
DA:4,0
DA:7,0
DA:18,0
DA:19,0
DA:20,0
DA:21,0
DA:23,0
DA:28,0
DA:29,0
DA:30,0
DA:32,0
DA:33,0
DA:34,0
DA:35,0
DA:36,0
DA:39,0
LF:18
LH:0
BRDA:18,0,0,0
BRDA:18,0,1,0
BRDA:28,1,0,0
BRDA:28,1,1,0
BRDA:28,2,0,0
BRDA:28,2,1,0
BRDA:30,3,0,0
BRDA:30,3,1,0
BRDA:33,4,0,0
BRDA:33,4,1,0
BRDA:34,5,0,0
BRDA:34,5,1,0
BRF:12
BRH:0
end_of_record
TN:
SF:/Users/jiayihu/jiayi/projects/v-verify/src/index.js
FN:3,_interopRequireDefault
FN:11,install
FNF:2
FNH:0
FNDA:0,_interopRequireDefault
FNDA:0,install
DA:1,0
DA:2,0
DA:3,0
DA:11,0
DA:12,0
DA:13,0
DA:14,0
DA:15,0
DA:16,0
DA:24,0
DA:26,0
DA:30,0
DA:31,0
DA:32,0
LF:14
LH:0
BRDA:3,0,0,0
BRDA:3,0,1,0
BRDA:3,1,0,0
BRDA:3,1,1,0
BRDA:11,2,0,0
BRDA:11,2,1,0
BRDA:11,3,0,0
BRDA:11,3,1,0
BRDA:12,4,0,0
BRDA:12,4,1,0
BRDA:19,5,0,0
BRDA:19,5,1,0
BRDA:30,6,0,0
BRDA:30,6,1,0
BRDA:30,7,0,0
BRDA:30,7,1,0
BRF:16
BRH:0
end_of_record
TN:
SF:/Users/jiayihu/jiayi/projects/v-verify/src/utils.js
FN:7,classOf
FN:10,(anonymous_1)
FN:21,filterRegParams
FN:23,(anonymous_3)
FN:27,splitRegs
FN:29,(anonymous_5)
FN:37,verifyValue
FN:42,(anonymous_7)
FN:50,(anonymous_8)
FN:62,(anonymous_9)
FN:67,(anonymous_10)
FN:68,(anonymous_11)
FNF:12
FNH:7
FNDA:5,classOf
FNDA:45,(anonymous_1)
FNDA:4,filterRegParams
FNDA:5,(anonymous_3)
FNDA:0,splitRegs
FNDA:0,(anonymous_5)
FNDA:2,verifyValue
FNDA:1,(anonymous_7)
FNDA:0,(anonymous_8)
FNDA:1,(anonymous_9)
FNDA:0,(anonymous_10)
FNDA:0,(anonymous_11)
DA:8,5
DA:9,5
DA:11,45
DA:13,5
DA:14,0
DA:16,5
DA:22,4
DA:23,5
DA:24,2
DA:28,0
DA:29,0
DA:30,0
DA:32,0
DA:34,0
DA:38,2
DA:39,2
DA:40,2
DA:42,1
DA:43,1
DA:44,0
DA:46,1
DA:48,1
DA:50,0
DA:51,0
DA:52,0
DA:53,0
DA:54,0
DA:56,0
DA:58,0
DA:60,0
DA:62,1
DA:63,1
DA:65,1
DA:67,0
DA:68,0
DA:69,0
DA:73,2
LF:37
LH:19
BRDA:13,0,0,0
BRDA:13,0,1,5
BRDA:16,1,0,4
BRDA:16,1,1,1
BRDA:16,2,0,5
BRDA:16,2,1,2
BRDA:17,3,0,4
BRDA:17,3,1,0
BRDA:22,4,0,2
BRDA:22,4,1,2
BRDA:28,5,0,0
BRDA:28,5,1,0
BRDA:40,6,0,1
BRDA:40,6,1,0
BRDA:40,6,2,1
BRDA:40,6,3,0
BRDA:43,7,0,0
BRDA:43,7,1,1
BRDA:53,8,0,0
BRDA:53,8,1,0
BRDA:56,9,0,0
BRDA:56,9,1,0
BRDA:63,10,0,0
BRDA:63,10,1,1
BRF:24
BRH:12
end_of_record
TN:
SF:/Users/jiayihu/jiayi/projects/v-verify/src/verify.js
FN:3,(anonymous_0)
FN:8,(anonymous_1)
FN:22,(anonymous_2)
FN:29,(anonymous_3)
FN:36,(anonymous_4)
FN:54,(anonymous_5)
FN:58,(anonymous_6)
FN:61,(anonymous_7)
FNF:8
FNH:6
FNDA:1,(anonymous_0)
FNDA:2,(anonymous_1)
FNDA:1,(anonymous_2)
FNDA:2,(anonymous_3)
FNDA:1,(anonymous_4)
FNDA:0,(anonymous_5)
FNDA:1,(anonymous_6)
FNDA:0,(anonymous_7)
DA:4,1
DA:5,1
DA:9,2
DA:10,0
DA:11,0
DA:14,2
DA:15,1
DA:18,2
DA:19,2
DA:23,1
DA:24,1
DA:25,1
DA:26,0
DA:27,0
DA:29,1
DA:30,2
DA:31,2
DA:33,1
DA:37,1
DA:38,1
DA:39,0
DA:40,0
DA:42,1
DA:43,0
DA:44,0
DA:45,0
DA:46,0
DA:49,1
DA:51,1
DA:55,0
DA:59,1
DA:60,1
DA:61,0
DA:62,0
DA:64,0
DA:66,1
LF:36
LH:22
BRDA:9,0,0,0
BRDA:9,0,1,2
BRDA:9,1,0,2
BRDA:9,1,1,2
BRDA:9,1,2,2
BRDA:9,1,3,2
BRDA:14,2,0,1
BRDA:14,2,1,1
BRDA:25,3,0,0
BRDA:25,3,1,1
BRDA:25,4,0,1
BRDA:25,4,1,1
BRDA:25,4,2,1
BRDA:30,5,0,0
BRDA:30,5,1,2
BRDA:38,6,0,0
BRDA:38,6,1,1
BRDA:38,7,0,1
BRDA:38,7,1,1
BRDA:38,7,2,1
BRDA:42,8,0,0
BRDA:42,8,1,1
BRDA:44,9,0,0
BRDA:44,9,1,0
BRDA:60,10,0,0
BRDA:60,10,1,1
BRDA:66,11,0,0
BRDA:66,11,1,1
BRF:28
BRH:19
end_of_record
TN:
SF:/Users/jiayihu/jiayi/projects/v-verify/src/locale/en_us.js
FN:3,required
FN:4,numberic
FN:5,email
FN:6,date
FN:7,max
FN:8,min
FN:9,len
FNF:7
FNH:0
FNDA:0,required
FNDA:0,numberic
FNDA:0,email
FNDA:0,date
FNDA:0,max
FNDA:0,min
FNDA:0,len
DA:1,0
DA:3,0
DA:4,0
DA:5,0
DA:6,0
DA:7,0
DA:8,0
DA:9,0
LF:8
LH:0
BRDA:6,0,0,0
BRDA:6,0,1,0
BRF:2
BRH:0
end_of_record
TN:
SF:/Users/jiayihu/jiayi/projects/v-verify/src/locale/index.js
FN:2,_interopRequireDefault
FNF:1
FNH:0
FNDA:0,_interopRequireDefault
DA:1,0
DA:2,0
LF:2
LH:0
BRDA:2,0,0,0
BRDA:2,0,1,0
BRDA:2,1,0,0
BRDA:2,1,1,0
BRF:4
BRH:0
end_of_record
TN:
SF:/Users/jiayihu/jiayi/projects/v-verify/src/locale/zh_cn.js
FN:3,required
FN:4,numberic
FN:5,email
FN:6,date
FN:7,max
FN:8,min
FN:9,len
FN:10,identity
FNF:8
FNH:0
FNDA:0,required
FNDA:0,numberic
FNDA:0,email
FNDA:0,date
FNDA:0,max
FNDA:0,min
FNDA:0,len
FNDA:0,identity
DA:1,0
DA:3,0
DA:4,0
DA:5,0
DA:6,0
DA:7,0
DA:8,0
DA:9,0
DA:10,0
LF:9
LH:0
BRDA:6,0,0,0
BRDA:6,0,1,0
BRF:2
BRH:0
end_of_record
TN:
SF:/Users/jiayihu/jiayi/projects/v-verify/src/validator/date.js
FN:3,(anonymous_0)
FNF:1
FNH:1
FNDA:3,(anonymous_0)
DA:4,3
DA:5,3
DA:6,0
DA:8,3
LF:4
LH:3
BRDA:3,0,0,1
BRDA:5,1,0,0
BRDA:5,1,1,3
BRF:3
BRH:2
end_of_record
TN:
SF:/Users/jiayihu/jiayi/projects/v-verify/src/validator/email.js
FN:1,(anonymous_0)
FNF:1
FNH:0
FNDA:0,(anonymous_0)
DA:2,0
LF:1
LH:0
BRF:0
BRH:0
end_of_record
TN:
SF:/Users/jiayihu/jiayi/projects/v-verify/src/validator/identity.js
FN:1,(anonymous_0)
FNF:1
FNH:0
FNDA:0,(anonymous_0)
DA:2,0
DA:3,0
DA:4,0
DA:6,0
DA:7,0
DA:8,0
DA:10,0
LF:7
LH:0
BRDA:3,0,0,0
BRDA:3,0,1,0
BRDA:7,1,0,0
BRDA:7,1,1,0
BRF:4
BRH:0
end_of_record
TN:
SF:/Users/jiayihu/jiayi/projects/v-verify/src/validator/index.js
FNF:0
FNH:0
LF:0
LH:0
BRF:0
BRH:0
end_of_record
TN:
SF:/Users/jiayihu/jiayi/projects/v-verify/src/validator/len.js
FN:1,(anonymous_0)
FNF:1
FNH:0
FNDA:0,(anonymous_0)
DA:2,0
DA:3,0
DA:4,0
DA:6,0
DA:7,0
DA:9,0
LF:6
LH:0
BRDA:3,0,0,0
BRDA:3,0,1,0
BRDA:3,1,0,0
BRDA:3,1,1,0
BRDA:6,2,0,0
BRDA:6,2,1,0
BRF:6
BRH:0
end_of_record
TN:
SF:/Users/jiayihu/jiayi/projects/v-verify/src/validator/max.js
FN:1,(anonymous_0)
FNF:1
FNH:0
FNDA:0,(anonymous_0)
DA:2,0
DA:3,0
DA:6,0
LF:3
LH:0
BRDA:2,0,0,0
BRDA:2,0,1,0
BRDA:2,1,0,0
BRDA:2,1,1,0
BRF:4
BRH:0
end_of_record
TN:
SF:/Users/jiayihu/jiayi/projects/v-verify/src/validator/min.js
FN:1,(anonymous_0)
FNF:1
FNH:0
FNDA:0,(anonymous_0)
DA:2,0
DA:3,0
DA:6,0
LF:3
LH:0
BRDA:2,0,0,0
BRDA:2,0,1,0
BRDA:2,1,0,0
BRDA:2,1,1,0
BRF:4
BRH:0
end_of_record
TN:
SF:/Users/jiayihu/jiayi/projects/v-verify/src/validator/numberic.js
FN:1,(anonymous_0)
FNF:1
FNH:0
FNDA:0,(anonymous_0)
DA:2,0
LF:1
LH:0
BRF:0
BRH:0
end_of_record
TN:
SF:/Users/jiayihu/jiayi/projects/v-verify/src/validator/required.js
FN:1,(anonymous_0)
FNF:1
FNH:0
FNDA:0,(anonymous_0)
DA:2,0
DA:3,0
DA:6,0
LF:3
LH:0
BRDA:2,0,0,0
BRDA:2,0,1,0
BRDA:2,1,0,0
BRDA:2,1,1,0
BRDA:2,1,2,0
BRF:5
BRH:0
end_of_record
TN:
SF:/Users/jiayihu/jiayi/projects/v-verify/src/vtips/component.js
FN:3,data
FN:11,_default
FN:31,render
FNF:3
FNH:0
FNDA:0,data
FNDA:0,_default
FNDA:0,render
DA:1,0
DA:4,0
DA:12,0
DA:32,0
DA:33,0
LF:5
LH:0
BRDA:32,0,0,0
BRDA:32,0,1,0
BRF:2
BRH:0
end_of_record
TN:
SF:/Users/jiayihu/jiayi/projects/v-verify/src/vtips/index.js
FN:3,(anonymous_0)
FN:7,getAnInstance
FN:18,returnAnInstance
FN:24,getElPosition
FN:37,removeDom
FN:44,(anonymous_5)
FN:51,vTips
FN:65,(anonymous_7)
FN:72,_interopRequireDefault
FNF:9
FNH:0
FNDA:0,(anonymous_0)
FNDA:0,getAnInstance
FNDA:0,returnAnInstance
FNDA:0,getElPosition
FNDA:0,removeDom
FNDA:0,(anonymous_5)
FNDA:0,vTips
FNDA:0,(anonymous_7)
FNDA:0,_interopRequireDefault
DA:1,0
DA:4,0
DA:5,0
DA:8,0
DA:9,0
DA:10,0
DA:11,0
DA:13,0
DA:18,0
DA:19,0
DA:20,0
DA:25,0
DA:26,0
DA:27,0
DA:28,0
DA:31,0
DA:37,0
DA:38,0
DA:39,0
DA:40,0
DA:44,0
DA:45,0
DA:51,0
DA:52,0
DA:53,0
DA:54,0
DA:55,0
DA:56,0
DA:59,0
DA:60,0
DA:61,0
DA:62,0
DA:63,0
DA:64,0
DA:65,0
DA:66,0
DA:68,0
DA:71,0
DA:72,0
LF:39
LH:0
BRDA:8,0,0,0
BRDA:8,0,1,0
BRDA:19,1,0,0
BRDA:19,1,1,0
BRDA:25,2,0,0
BRDA:25,2,1,0
BRDA:25,3,0,0
BRDA:25,3,1,0
BRDA:25,3,2,0
BRDA:27,4,0,0
BRDA:27,4,1,0
BRDA:27,5,0,0
BRDA:27,5,1,0
BRDA:39,6,0,0
BRDA:39,6,1,0
BRDA:51,7,0,0
BRDA:51,7,1,0
BRDA:51,8,0,0
BRDA:51,8,1,0
BRDA:52,9,0,0
BRDA:52,9,1,0
BRDA:54,10,0,0
BRDA:54,10,1,0
BRDA:59,11,0,0
BRDA:59,11,1,0
BRDA:60,12,0,0
BRDA:60,12,1,0
BRDA:62,13,0,0
BRDA:62,13,1,0
BRDA:63,14,0,0
BRDA:63,14,1,0
BRDA:72,15,0,0
BRDA:72,15,1,0
BRDA:72,16,0,0
BRDA:72,16,1,0
BRF:35
BRH:0
end_of_record
